#
# There is insufficient memory for the Java Runtime Environment to continue.
# Native memory allocation (malloc) failed to allocate 32744 bytes. Error detail: ChunkPool::allocate
# Possible reasons:
#   The system is out of physical RAM or swap space
#   This process is running with CompressedOops enabled, and the Java Heap may be blocking the growth of the native heap
# Possible solutions:
#   Reduce memory load on the system
#   Increase physical memory or swap space
#   Check if swap backing store is full
#   Decrease Java heap size (-Xmx/-Xms)
#   Decrease number of Java threads
#   Decrease Java thread stack sizes (-Xss)
#   Set larger code cache with -XX:ReservedCodeCacheSize=
#   JVM is running with Unscaled Compressed Oops mode in which the Java heap is
#     placed in the first 4GB address space. The Java Heap base address is the
#     maximum limit for the native heap growth. Please use -XX:HeapBaseMinAddress
#     to set the Java Heap base and to place the Java Heap above 4GB virtual address.
# This output file may be truncated or incomplete.
#
#  Out of Memory Error (arena.cpp:79), pid=13416, tid=18620
#
# JRE version: OpenJDK Runtime Environment Temurin-17.0.18+8 (17.0.18+8) (build 17.0.18+8)
# Java VM: OpenJDK 64-Bit Server VM Temurin-17.0.18+8 (17.0.18+8, mixed mode, sharing, tiered, compressed oops, compressed class ptrs, g1 gc, windows-amd64)
# No core dump will be written. Minidumps are not enabled by default on client versions of Windows
#

---------------  S U M M A R Y ------------

Command Line: -Xmx64m -Xms64m -Dorg.gradle.appname=gradlew org.gradle.wrapper.GradleWrapperMain assembleRelease --stacktrace

Host: Intel(R) Core(TM) i5-10400 CPU @ 2.90GHz, 12 cores, 15G,  Windows 11 , 64 bit Build 22621 (10.0.22621.5415)
Time: Thu Apr  2 10:27:12 2026 Hora est嫕dar de Argentina elapsed time: 133.362234 seconds (0d 0h 2m 13s)

---------------  T H R E A D  ---------------

Current thread (0x000001b12da826e0):  JavaThread "C1 CompilerThread0" daemon [_thread_in_native, id=18620, stack(0x0000002425100000,0x0000002425200000)]


Current CompileTask:
C1:133362 2814       3       jdk.internal.org.objectweb.asm.ClassReader::<init> (371 bytes)

Stack: [0x0000002425100000,0x0000002425200000]
Native frames: (J=compiled Java code, j=interpreted, Vv=VM code, C=native code)
V  [jvm.dll+0x6846f9]
V  [jvm.dll+0x839ea5]
V  [jvm.dll+0x83b91e]
V  [jvm.dll+0x83bfa3]
V  [jvm.dll+0x248eff]
V  [jvm.dll+0xad69e]
V  [jvm.dll+0xadb3c]
V  [jvm.dll+0x14891f]
V  [jvm.dll+0x148355]
V  [jvm.dll+0x13ff9b]
V  [jvm.dll+0x14224e]
V  [jvm.dll+0x140836]
V  [jvm.dll+0x13a8f7]
V  [jvm.dll+0x149ff8]
V  [jvm.dll+0x135db5]
V  [jvm.dll+0x136130]
V  [jvm.dll+0x13640e]
V  [jvm.dll+0x135857]
V  [jvm.dll+0x13757d]
V  [jvm.dll+0x22989a]
V  [jvm.dll+0x227a4b]
V  [jvm.dll+0x7f0658]
V  [jvm.dll+0x7eaaec]
V  [jvm.dll+0x6835c7]
C  [ucrtbase.dll+0x29333]
C  [KERNEL32.DLL+0x1259d]
C  [ntdll.dll+0x5af78]


---------------  P R O C E S S  ---------------

Threads class SMR info:
_java_thread_list=0x000001b174d072d0, length=12, elements={
0x000001b113bc6530, 0x000001b12da628a0, 0x000001b12da63720, 0x000001b12da79960,
0x000001b12da7c530, 0x000001b12da7d0f0, 0x000001b12da802e0, 0x000001b12da81c30,
0x000001b12da826e0, 0x000001b12da86bc0, 0x000001b1730b1cf0, 0x000001b1730bc290
}

Java Threads: ( => current thread )
  0x000001b113bc6530 JavaThread "main" [_thread_blocked, id=22244, stack(0x0000002424300000,0x0000002424400000)]
  0x000001b12da628a0 JavaThread "Reference Handler" daemon [_thread_blocked, id=7632, stack(0x0000002424a00000,0x0000002424b00000)]
  0x000001b12da63720 JavaThread "Finalizer" daemon [_thread_blocked, id=21516, stack(0x0000002424b00000,0x0000002424c00000)]
  0x000001b12da79960 JavaThread "Signal Dispatcher" daemon [_thread_blocked, id=7124, stack(0x0000002424c00000,0x0000002424d00000)]
  0x000001b12da7c530 JavaThread "Attach Listener" daemon [_thread_blocked, id=14000, stack(0x0000002424d00000,0x0000002424e00000)]
  0x000001b12da7d0f0 JavaThread "Service Thread" daemon [_thread_blocked, id=5800, stack(0x0000002424e00000,0x0000002424f00000)]
  0x000001b12da802e0 JavaThread "Monitor Deflation Thread" daemon [_thread_blocked, id=17856, stack(0x0000002424f00000,0x0000002425000000)]
  0x000001b12da81c30 JavaThread "C2 CompilerThread0" daemon [_thread_in_native, id=2424, stack(0x0000002425000000,0x0000002425100000)]
=>0x000001b12da826e0 JavaThread "C1 CompilerThread0" daemon [_thread_in_native, id=18620, stack(0x0000002425100000,0x0000002425200000)]
  0x000001b12da86bc0 JavaThread "Sweeper thread" daemon [_thread_blocked, id=21724, stack(0x0000002425200000,0x0000002425300000)]
  0x000001b1730b1cf0 JavaThread "Notification Thread" daemon [_thread_blocked, id=9160, stack(0x0000002425300000,0x0000002425400000)]
  0x000001b1730bc290 JavaThread "Common-Cleaner" daemon [_thread_blocked, id=19624, stack(0x0000002425500000,0x0000002425600000)]

Other Threads:
  0x000001b12da5ea70 VMThread "VM Thread" [stack: 0x0000002424900000,0x0000002424a00000] [id=14744]
  0x000001b1730b47f0 WatcherThread [stack: 0x0000002425400000,0x0000002425500000] [id=9736]
  0x000001b113be80f0 GCTaskThread "GC Thread#0" [stack: 0x0000002424400000,0x0000002424500000] [id=10032]
  0x000001b173fb6810 GCTaskThread "GC Thread#1" [stack: 0x0000002425600000,0x0000002425700000] [id=5056]
  0x000001b173b34ad0 GCTaskThread "GC Thread#2" [stack: 0x0000002425700000,0x0000002425800000] [id=2932]
  0x000001b173b1e220 GCTaskThread "GC Thread#3" [stack: 0x0000002425800000,0x0000002425900000] [id=13100]
  0x000001b1739a2eb0 GCTaskThread "GC Thread#4" [stack: 0x0000002425900000,0x0000002425a00000] [id=1404]
  0x000001b1739a3170 GCTaskThread "GC Thread#5" [stack: 0x0000002425a00000,0x0000002425b00000] [id=13680]
  0x000001b1733cb940 GCTaskThread "GC Thread#6" [stack: 0x0000002425b00000,0x0000002425c00000] [id=21904]
  0x000001b1733cc180 GCTaskThread "GC Thread#7" [stack: 0x0000002425c00000,0x0000002425d00000] [id=6844]
  0x000001b1733cae40 GCTaskThread "GC Thread#8" [stack: 0x0000002426100000,0x0000002426200000] [id=18780]
  0x000001b1733cb680 GCTaskThread "GC Thread#9" [stack: 0x0000002426200000,0x0000002426300000] [id=23256]
  0x000001b113be9840 ConcurrentGCThread "G1 Main Marker" [stack: 0x0000002424500000,0x0000002424600000] [id=8516]
  0x000001b113bea260 ConcurrentGCThread "G1 Conc#0" [stack: 0x0000002424600000,0x0000002424700000] [id=18480]
  0x000001b113c738d0 ConcurrentGCThread "G1 Refine#0" [stack: 0x0000002424700000,0x0000002424800000] [id=7876]
  0x000001b113c75310 ConcurrentGCThread "G1 Service" [stack: 0x0000002424800000,0x0000002424900000] [id=17696]

Threads with active compile tasks:
C2 CompilerThread0  133381 2811       4       jdk.internal.org.objectweb.asm.SymbolTable::addConstantUtf8 (98 bytes)
C1 CompilerThread0  133381 2814       3       jdk.internal.org.objectweb.asm.ClassReader::<init> (371 bytes)

VM state: not at safepoint (normal execution)

VM Mutex/Monitor currently owned by a thread: None

Heap address: 0x00000000fc000000, size: 64 MB, Compressed Oops mode: 32-bit

CDS archive(s) mapped at: [0x000001b12e000000-0x000001b12ebb0000-0x000001b12ebb0000), size 12255232, SharedBaseAddress: 0x000001b12e000000, ArchiveRelocationMode: 1.
Compressed class space mapped at: 0x000001b12f000000-0x000001b16f000000, reserved size: 1073741824
Narrow klass base: 0x000001b12e000000, Narrow klass shift: 0, Narrow klass range: 0x100000000

GC Precious Log:
 CPUs: 12 total, 12 available
 Memory: 16026M
 Large Page Support: Disabled
 NUMA Support: Disabled
 Compressed Oops: Enabled (32-bit)
 Heap Region Size: 1M
 Heap Min Capacity: 64M
 Heap Initial Capacity: 64M
 Heap Max Capacity: 64M
 Pre-touch: Disabled
 Parallel Workers: 10
 Concurrent Workers: 3
 Concurrent Refinement Workers: 10
 Periodic GC: Disabled

Heap:
 garbage-first heap   total 65536K, used 33709K [0x00000000fc000000, 0x0000000100000000)
  region size 1024K, 25 young (25600K), 5 survivors (5120K)
 Metaspace       used 16664K, committed 16896K, reserved 1114112K
  class space    used 2049K, committed 2176K, reserved 1048576K

Heap Regions: E=young(eden), S=young(survivor), O=old, HS=humongous(starts), HC=humongous(continues), CS=collection set, F=free, OA=open archive, CA=closed archive, TAMS=top-at-mark-start (previous, next)
|   0|0x00000000fc000000, 0x00000000fc100000, 0x00000000fc100000|100%| O|  |TAMS 0x00000000fc000000, 0x00000000fc000000| Untracked 
|   1|0x00000000fc100000, 0x00000000fc200000, 0x00000000fc200000|100%| O|  |TAMS 0x00000000fc100000, 0x00000000fc100000| Untracked 
|   2|0x00000000fc200000, 0x00000000fc300000, 0x00000000fc300000|100%| O|  |TAMS 0x00000000fc200000, 0x00000000fc200000| Untracked 
|   3|0x00000000fc300000, 0x00000000fc400000, 0x00000000fc400000|100%| O|  |TAMS 0x00000000fc300000, 0x00000000fc300000| Untracked 
|   4|0x00000000fc400000, 0x00000000fc500000, 0x00000000fc500000|100%|HS|  |TAMS 0x00000000fc400000, 0x00000000fc400000| Complete 
|   5|0x00000000fc500000, 0x00000000fc600000, 0x00000000fc600000|100%|HC|  |TAMS 0x00000000fc500000, 0x00000000fc500000| Complete 
|   6|0x00000000fc600000, 0x00000000fc700000, 0x00000000fc700000|100%|HC|  |TAMS 0x00000000fc600000, 0x00000000fc600000| Complete 
|   7|0x00000000fc700000, 0x00000000fc800000, 0x00000000fc800000|100%| O|  |TAMS 0x00000000fc700000, 0x00000000fc700000| Untracked 
|   8|0x00000000fc800000, 0x00000000fc8eb400, 0x00000000fc900000| 91%| O|  |TAMS 0x00000000fc800000, 0x00000000fc800000| Untracked 
|   9|0x00000000fc900000, 0x00000000fc900000, 0x00000000fca00000|  0%| F|  |TAMS 0x00000000fc900000, 0x00000000fc900000| Untracked 
|  10|0x00000000fca00000, 0x00000000fca00000, 0x00000000fcb00000|  0%| F|  |TAMS 0x00000000fca00000, 0x00000000fca00000| Untracked 
|  11|0x00000000fcb00000, 0x00000000fcb00000, 0x00000000fcc00000|  0%| F|  |TAMS 0x00000000fcb00000, 0x00000000fcb00000| Untracked 
|  12|0x00000000fcc00000, 0x00000000fcc00000, 0x00000000fcd00000|  0%| F|  |TAMS 0x00000000fcc00000, 0x00000000fcc00000| Untracked 
|  13|0x00000000fcd00000, 0x00000000fcd00000, 0x00000000fce00000|  0%| F|  |TAMS 0x00000000fcd00000, 0x00000000fcd00000| Untracked 
|  14|0x00000000fce00000, 0x00000000fce00000, 0x00000000fcf00000|  0%| F|  |TAMS 0x00000000fce00000, 0x00000000fce00000| Untracked 
|  15|0x00000000fcf00000, 0x00000000fcf00000, 0x00000000fd000000|  0%| F|  |TAMS 0x00000000fcf00000, 0x00000000fcf00000| Untracked 
|  16|0x00000000fd000000, 0x00000000fd000000, 0x00000000fd100000|  0%| F|  |TAMS 0x00000000fd000000, 0x00000000fd000000| Untracked 
|  17|0x00000000fd100000, 0x00000000fd100000, 0x00000000fd200000|  0%| F|  |TAMS 0x00000000fd100000, 0x00000000fd100000| Untracked 
|  18|0x00000000fd200000, 0x00000000fd200000, 0x00000000fd300000|  0%| F|  |TAMS 0x00000000fd200000, 0x00000000fd200000| Untracked 
|  19|0x00000000fd300000, 0x00000000fd300000, 0x00000000fd400000|  0%| F|  |TAMS 0x00000000fd300000, 0x00000000fd300000| Untracked 
|  20|0x00000000fd400000, 0x00000000fd400000, 0x00000000fd500000|  0%| F|  |TAMS 0x00000000fd400000, 0x00000000fd400000| Untracked 
|  21|0x00000000fd500000, 0x00000000fd600000, 0x00000000fd600000|100%| S|CS|TAMS 0x00000000fd500000, 0x00000000fd500000| Complete 
|  22|0x00000000fd600000, 0x00000000fd700000, 0x00000000fd700000|100%| S|CS|TAMS 0x00000000fd600000, 0x00000000fd600000| Complete 
|  23|0x00000000fd700000, 0x00000000fd800000, 0x00000000fd800000|100%| S|CS|TAMS 0x00000000fd700000, 0x00000000fd700000| Complete 
|  24|0x00000000fd800000, 0x00000000fd900000, 0x00000000fd900000|100%| S|CS|TAMS 0x00000000fd800000, 0x00000000fd800000| Complete 
|  25|0x00000000fd900000, 0x00000000fda00000, 0x00000000fda00000|100%| S|CS|TAMS 0x00000000fd900000, 0x00000000fd900000| Complete 
|  26|0x00000000fda00000, 0x00000000fda00000, 0x00000000fdb00000|  0%| F|  |TAMS 0x00000000fda00000, 0x00000000fda00000| Untracked 
|  27|0x00000000fdb00000, 0x00000000fdb00000, 0x00000000fdc00000|  0%| F|  |TAMS 0x00000000fdb00000, 0x00000000fdb00000| Untracked 
|  28|0x00000000fdc00000, 0x00000000fdc00000, 0x00000000fdd00000|  0%| F|  |TAMS 0x00000000fdc00000, 0x00000000fdc00000| Untracked 
|  29|0x00000000fdd00000, 0x00000000fdd00000, 0x00000000fde00000|  0%| F|  |TAMS 0x00000000fdd00000, 0x00000000fdd00000| Untracked 
|  30|0x00000000fde00000, 0x00000000fde00000, 0x00000000fdf00000|  0%| F|  |TAMS 0x00000000fde00000, 0x00000000fde00000| Untracked 
|  31|0x00000000fdf00000, 0x00000000fdf00000, 0x00000000fe000000|  0%| F|  |TAMS 0x00000000fdf00000, 0x00000000fdf00000| Untracked 
|  32|0x00000000fe000000, 0x00000000fe000000, 0x00000000fe100000|  0%| F|  |TAMS 0x00000000fe000000, 0x00000000fe000000| Untracked 
|  33|0x00000000fe100000, 0x00000000fe100000, 0x00000000fe200000|  0%| F|  |TAMS 0x00000000fe100000, 0x00000000fe100000| Untracked 
|  34|0x00000000fe200000, 0x00000000fe200000, 0x00000000fe300000|  0%| F|  |TAMS 0x00000000fe200000, 0x00000000fe200000| Untracked 
|  35|0x00000000fe300000, 0x00000000fe300000, 0x00000000fe400000|  0%| F|  |TAMS 0x00000000fe300000, 0x00000000fe300000| Untracked 
|  36|0x00000000fe400000, 0x00000000fe400000, 0x00000000fe500000|  0%| F|  |TAMS 0x00000000fe400000, 0x00000000fe400000| Untracked 
|  37|0x00000000fe500000, 0x00000000fe500000, 0x00000000fe600000|  0%| F|  |TAMS 0x00000000fe500000, 0x00000000fe500000| Untracked 
|  38|0x00000000fe600000, 0x00000000fe600000, 0x00000000fe700000|  0%| F|  |TAMS 0x00000000fe600000, 0x00000000fe600000| Untracked 
|  39|0x00000000fe700000, 0x00000000fe700000, 0x00000000fe800000|  0%| F|  |TAMS 0x00000000fe700000, 0x00000000fe700000| Untracked 
|  40|0x00000000fe800000, 0x00000000fe800000, 0x00000000fe900000|  0%| F|  |TAMS 0x00000000fe800000, 0x00000000fe800000| Untracked 
|  41|0x00000000fe900000, 0x00000000fe900000, 0x00000000fea00000|  0%| F|  |TAMS 0x00000000fe900000, 0x00000000fe900000| Untracked 
|  42|0x00000000fea00000, 0x00000000fea00000, 0x00000000feb00000|  0%| F|  |TAMS 0x00000000fea00000, 0x00000000fea00000| Untracked 
|  43|0x00000000feb00000, 0x00000000feb00000, 0x00000000fec00000|  0%| F|  |TAMS 0x00000000feb00000, 0x00000000feb00000| Untracked 
|  44|0x00000000fec00000, 0x00000000fec2e178, 0x00000000fed00000| 18%| E|  |TAMS 0x00000000fec00000, 0x00000000fec00000| Complete 
|  45|0x00000000fed00000, 0x00000000fee00000, 0x00000000fee00000|100%| E|CS|TAMS 0x00000000fed00000, 0x00000000fed00000| Complete 
|  46|0x00000000fee00000, 0x00000000fef00000, 0x00000000fef00000|100%| E|CS|TAMS 0x00000000fee00000, 0x00000000fee00000| Complete 
|  47|0x00000000fef00000, 0x00000000ff000000, 0x00000000ff000000|100%| E|CS|TAMS 0x00000000fef00000, 0x00000000fef00000| Complete 
|  48|0x00000000ff000000, 0x00000000ff100000, 0x00000000ff100000|100%| E|CS|TAMS 0x00000000ff000000, 0x00000000ff000000| Complete 
|  49|0x00000000ff100000, 0x00000000ff200000, 0x00000000ff200000|100%| E|CS|TAMS 0x00000000ff100000, 0x00000000ff100000| Complete 
|  50|0x00000000ff200000, 0x00000000ff300000, 0x00000000ff300000|100%| E|CS|TAMS 0x00000000ff200000, 0x00000000ff200000| Complete 
|  51|0x00000000ff300000, 0x00000000ff400000, 0x00000000ff400000|100%| E|CS|TAMS 0x00000000ff300000, 0x00000000ff300000| Complete 
|  52|0x00000000ff400000, 0x00000000ff500000, 0x00000000ff500000|100%| E|CS|TAMS 0x00000000ff400000, 0x00000000ff400000| Complete 
|  53|0x00000000ff500000, 0x00000000ff600000, 0x00000000ff600000|100%| E|CS|TAMS 0x00000000ff500000, 0x00000000ff500000| Complete 
|  54|0x00000000ff600000, 0x00000000ff700000, 0x00000000ff700000|100%| E|CS|TAMS 0x00000000ff600000, 0x00000000ff600000| Complete 
|  55|0x00000000ff700000, 0x00000000ff800000, 0x00000000ff800000|100%| E|CS|TAMS 0x00000000ff700000, 0x00000000ff700000| Complete 
|  56|0x00000000ff800000, 0x00000000ff900000, 0x00000000ff900000|100%| E|CS|TAMS 0x00000000ff800000, 0x00000000ff800000| Complete 
|  57|0x00000000ff900000, 0x00000000ffa00000, 0x00000000ffa00000|100%| E|CS|TAMS 0x00000000ff900000, 0x00000000ff900000| Complete 
|  58|0x00000000ffa00000, 0x00000000ffb00000, 0x00000000ffb00000|100%| E|CS|TAMS 0x00000000ffa00000, 0x00000000ffa00000| Complete 
|  59|0x00000000ffb00000, 0x00000000ffc00000, 0x00000000ffc00000|100%| E|CS|TAMS 0x00000000ffb00000, 0x00000000ffb00000| Complete 
|  60|0x00000000ffc00000, 0x00000000ffd00000, 0x00000000ffd00000|100%| E|CS|TAMS 0x00000000ffc00000, 0x00000000ffc00000| Complete 
|  61|0x00000000ffd00000, 0x00000000ffe00000, 0x00000000ffe00000|100%| E|CS|TAMS 0x00000000ffd00000, 0x00000000ffd00000| Complete 
|  62|0x00000000ffe00000, 0x00000000fff00000, 0x00000000fff00000|100%| E|CS|TAMS 0x00000000ffe00000, 0x00000000ffe00000| Complete 
|  63|0x00000000fff00000, 0x0000000100000000, 0x0000000100000000|100%| E|CS|TAMS 0x00000000fff00000, 0x00000000fff00000| Complete 

Card table byte_map: [0x000001b113b00000,0x000001b113b20000] _byte_map_base: 0x000001b113320000

Marking Bits (Prev, Next): (CMBitMap*) 0x000001b113be8710, (CMBitMap*) 0x000001b113be8750
 Prev Bits: [0x000001b12ac80000, 0x000001b12ad80000)
 Next Bits: [0x000001b12ad80000, 0x000001b12ae80000)

Polling page: 0x000001b113380000

Metaspace:

Usage:
  Non-class:     14.27 MB used.
      Class:      2.00 MB used.
       Both:     16.27 MB used.

Virtual space:
  Non-class space:       64.00 MB reserved,      14.38 MB ( 22%) committed,  1 nodes.
      Class space:        1.00 GB reserved,       2.12 MB ( <1%) committed,  1 nodes.
             Both:        1.06 GB reserved,      16.50 MB (  2%) committed. 

Chunk freelists:
   Non-Class:  1.31 MB
       Class:  13.92 MB
        Both:  15.23 MB

MaxMetaspaceSize: unlimited
CompressedClassSpaceSize: 1.00 GB
Initial GC threshold: 21.00 MB
Current GC threshold: 21.00 MB
CDS: on
MetaspaceReclaimPolicy: balanced
 - commit_granule_bytes: 65536.
 - commit_granule_words: 8192.
 - virtual_space_node_default_size: 8388608.
 - enlarge_chunks_in_place: 1.
 - new_chunks_are_fully_committed: 0.
 - uncommit_free_chunks: 1.
 - use_allocation_guard: 0.
 - handle_deallocations: 1.


Internal statistics:

num_allocs_failed_limit: 0.
num_arena_births: 118.
num_arena_deaths: 0.
num_vsnodes_births: 2.
num_vsnodes_deaths: 0.
num_space_committed: 264.
num_space_uncommitted: 0.
num_chunks_returned_to_freelist: 0.
num_chunks_taken_from_freelist: 452.
num_chunk_merges: 0.
num_chunk_splits: 287.
num_chunks_enlarged: 215.
num_inconsistent_stats: 0.

CodeHeap 'non-profiled nmethods': size=120000Kb used=1751Kb max_used=1751Kb free=118248Kb
 bounds [0x000001b123200000, 0x000001b123470000, 0x000001b12a730000]
CodeHeap 'profiled nmethods': size=120000Kb used=5330Kb max_used=5330Kb free=114669Kb
 bounds [0x000001b11b730000, 0x000001b11bc70000, 0x000001b122c60000]
CodeHeap 'non-nmethods': size=5760Kb used=1235Kb max_used=1301Kb free=4524Kb
 bounds [0x000001b122c60000, 0x000001b122ed0000, 0x000001b123200000]
 total_blobs=3350 nmethods=2814 adapters=448
 compilation: enabled
              stopped_count=0, restarted_count=0
 full_count=0

Compilation events (20 events):
Event: 118.714 Thread 0x000001b12da81c30 2802   !   4       org.gradle.internal.logging.sink.OutputEventTransformer::invokeListener (28 bytes)
Event: 118.735 Thread 0x000001b12da81c30 nmethod 2802 0x000001b1233a3b90 code [0x000001b1233a3e80, 0x000001b1233a58e0]
Event: 118.735 Thread 0x000001b12da81c30 2804       4       org.gradle.internal.logging.sink.OutputEventTransformer::onOutput (369 bytes)
Event: 118.750 Thread 0x000001b12da81c30 nmethod 2804 0x000001b1233a7a10 code [0x000001b1233a7d20, 0x000001b1233a91d8]
Event: 118.750 Thread 0x000001b12da81c30 2803   !   4       jdk.proxy1.$Proxy0::onOutput (34 bytes)
Event: 118.775 Thread 0x000001b12da81c30 nmethod 2803 0x000001b1233aa210 code [0x000001b1233aa540, 0x000001b1233ac070]
Event: 119.348 Thread 0x000001b12da826e0 2805       3       org.gradle.internal.operations.OperationIdentifier::equals (47 bytes)
Event: 119.349 Thread 0x000001b12da826e0 nmethod 2805 0x000001b11bc64490 code [0x000001b11bc64660, 0x000001b11bc64a18]
Event: 121.734 Thread 0x000001b12da81c30 2806       4       java.util.concurrent.atomic.AtomicLong::compareAndSet (13 bytes)
Event: 121.735 Thread 0x000001b12da81c30 nmethod 2806 0x000001b1233ae410 code [0x000001b1233ae580, 0x000001b1233ae618]
Event: 130.125 Thread 0x000001b12da81c30 2807       4       java.util.ArrayList::remove (26 bytes)
Event: 130.127 Thread 0x000001b12da81c30 nmethod 2807 0x000001b1233ae710 code [0x000001b1233ae8a0, 0x000001b1233aead8]
Event: 130.726 Thread 0x000001b12da81c30 2808       4       org.gradle.internal.logging.console.AbstractUserInputRenderer::onOutput (111 bytes)
Event: 130.771 Thread 0x000001b12da81c30 nmethod 2808 0x000001b1233aec90 code [0x000001b1233aefa0, 0x000001b1233b0cd0]
Event: 130.771 Thread 0x000001b12da81c30 2809       4       org.gradle.internal.logging.sink.GroupingProgressLogEventGenerator::onOutput (108 bytes)
Event: 130.801 Thread 0x000001b12da81c30 nmethod 2809 0x000001b1233b1f90 code [0x000001b1233b2260, 0x000001b1233b3dd0]
Event: 133.334 Thread 0x000001b12da81c30 2810       4       jdk.internal.misc.Unsafe::putIntOpaque (9 bytes)
Event: 133.335 Thread 0x000001b12da81c30 nmethod 2810 0x000001b1233b4e10 code [0x000001b1233b4f80, 0x000001b1233b5018]
Event: 133.359 Thread 0x000001b12da81c30 2811       4       jdk.internal.org.objectweb.asm.SymbolTable::addConstantUtf8 (98 bytes)
Event: 133.361 Thread 0x000001b12da826e0 2814       3       jdk.internal.org.objectweb.asm.ClassReader::<init> (371 bytes)

GC Heap History (6 events):
Event: 2.562 GC heap before
{Heap before GC invocations=0 (full 0):
 garbage-first heap   total 65536K, used 22528K [0x00000000fc000000, 0x0000000100000000)
  region size 1024K, 23 young (23552K), 0 survivors (0K)
 Metaspace       used 8642K, committed 8704K, reserved 1114112K
  class space    used 925K, committed 960K, reserved 1048576K
}
Event: 2.568 GC heap after
{Heap after GC invocations=1 (full 0):
 garbage-first heap   total 65536K, used 3952K [0x00000000fc000000, 0x0000000100000000)
  region size 1024K, 3 young (3072K), 3 survivors (3072K)
 Metaspace       used 8642K, committed 8704K, reserved 1114112K
  class space    used 925K, committed 960K, reserved 1048576K
}
Event: 5.409 GC heap before
{Heap before GC invocations=1 (full 0):
 garbage-first heap   total 65536K, used 29552K [0x00000000fc000000, 0x0000000100000000)
  region size 1024K, 29 young (29696K), 3 survivors (3072K)
 Metaspace       used 9119K, committed 9280K, reserved 1114112K
  class space    used 966K, committed 1088K, reserved 1048576K
}
Event: 5.413 GC heap after
{Heap after GC invocations=2 (full 0):
 garbage-first heap   total 65536K, used 4900K [0x00000000fc000000, 0x0000000100000000)
  region size 1024K, 1 young (1024K), 1 survivors (1024K)
 Metaspace       used 9119K, committed 9280K, reserved 1114112K
  class space    used 966K, committed 1088K, reserved 1048576K
}
Event: 5.896 GC heap before
{Heap before GC invocations=2 (full 0):
 garbage-first heap   total 65536K, used 44836K [0x00000000fc000000, 0x0000000100000000)
  region size 1024K, 38 young (38912K), 1 survivors (1024K)
 Metaspace       used 15037K, committed 15232K, reserved 1114112K
  class space    used 1862K, committed 1984K, reserved 1048576K
}
Event: 5.899 GC heap after
{Heap after GC invocations=3 (full 0):
 garbage-first heap   total 65536K, used 14253K [0x00000000fc000000, 0x0000000100000000)
  region size 1024K, 5 young (5120K), 5 survivors (5120K)
 Metaspace       used 15037K, committed 15232K, reserved 1114112K
  class space    used 1862K, committed 1984K, reserved 1048576K
}

Dll operation events (12 events):
Event: 0.006 Loaded shared library C:\Program Files\Eclipse Adoptium\jdk-17.0.18.8-hotspot\bin\java.dll
Event: 0.019 Loaded shared library C:\Program Files\Eclipse Adoptium\jdk-17.0.18.8-hotspot\bin\jsvml.dll
Event: 0.038 Loaded shared library C:\Program Files\Eclipse Adoptium\jdk-17.0.18.8-hotspot\bin\net.dll
Event: 0.039 Loaded shared library C:\Program Files\Eclipse Adoptium\jdk-17.0.18.8-hotspot\bin\nio.dll
Event: 0.041 Loaded shared library C:\Program Files\Eclipse Adoptium\jdk-17.0.18.8-hotspot\bin\zip.dll
Event: 0.083 Loaded shared library C:\Program Files\Eclipse Adoptium\jdk-17.0.18.8-hotspot\bin\jimage.dll
Event: 0.234 Loaded shared library C:\Program Files\Eclipse Adoptium\jdk-17.0.18.8-hotspot\bin\sunmscapi.dll
Event: 0.266 Loaded shared library C:\Program Files\Eclipse Adoptium\jdk-17.0.18.8-hotspot\bin\extnet.dll
Event: 5.576 Loaded shared library C:\Program Files\Eclipse Adoptium\jdk-17.0.18.8-hotspot\bin\verify.dll
Event: 5.641 Loaded shared library C:\Program Files\Eclipse Adoptium\jdk-17.0.18.8-hotspot\bin\management.dll
Event: 5.644 Loaded shared library C:\Program Files\Eclipse Adoptium\jdk-17.0.18.8-hotspot\bin\management_ext.dll
Event: 5.708 Loaded shared library C:\Users\Ari\.gradle\native\c067742578af261105cb4f569cf0c3c89f3d7b1fecec35dd04571415982c5e48\windows-amd64\native-platform.dll

Deoptimization events (20 events):
Event: 117.431 Thread 0x000001b174b8b890 Uncommon trap: trap_request=0xffffff45 fr.pc=0x000001b123387d48 relative=0x00000000000000a8
Event: 117.431 Thread 0x000001b174b8b890 Uncommon trap: reason=unstable_if action=reinterpret pc=0x000001b123387d48 method=org.gradle.internal.operations.OperationIdentifier.equals(Ljava/lang/Object;)Z @ 2 c2
Event: 117.431 Thread 0x000001b174b8b890 DEOPT PACKING pc=0x000001b123387d48 sp=0x00000024260feec0
Event: 117.431 Thread 0x000001b174b8b890 DEOPT UNPACKING pc=0x000001b122cb69a3 sp=0x00000024260fee60 mode 2
Event: 133.356 Thread 0x000001b113bc6530 Uncommon trap: trap_request=0xffffff45 fr.pc=0x000001b12339f610 relative=0x0000000000002c10
Event: 133.356 Thread 0x000001b113bc6530 Uncommon trap: reason=unstable_if action=reinterpret pc=0x000001b12339f610 method=sun.nio.ch.WEPollSelectorImpl.toReadyOps(I)I @ 5 c2
Event: 133.356 Thread 0x000001b113bc6530 DEOPT PACKING pc=0x000001b12339f610 sp=0x00000024243fd460
Event: 133.356 Thread 0x000001b113bc6530 DEOPT UNPACKING pc=0x000001b122cb69a3 sp=0x00000024243fd1a0 mode 2
Event: 133.357 Thread 0x000001b113bc6530 Uncommon trap: trap_request=0xffffffb5 fr.pc=0x000001b123394dd0 relative=0x00000000000007b0
Event: 133.357 Thread 0x000001b113bc6530 Uncommon trap: reason=unloaded action=reinterpret pc=0x000001b123394dd0 method=sun.nio.ch.SocketChannelImpl.read(Ljava/nio/ByteBuffer;)I @ 194 c2
Event: 133.357 Thread 0x000001b113bc6530 DEOPT PACKING pc=0x000001b123394dd0 sp=0x00000024243fd430
Event: 133.357 Thread 0x000001b113bc6530 DEOPT UNPACKING pc=0x000001b122cb69a3 sp=0x00000024243fd3d8 mode 2
Event: 133.357 Thread 0x000001b113bc6530 Uncommon trap: trap_request=0xffffff45 fr.pc=0x000001b12338c0ec relative=0x000000000000048c
Event: 133.357 Thread 0x000001b113bc6530 Uncommon trap: reason=unstable_if action=reinterpret pc=0x000001b12338c0ec method=com.esotericsoftware.kryo.io.Input.require(I)I @ 180 c2
Event: 133.357 Thread 0x000001b113bc6530 DEOPT PACKING pc=0x000001b12338c0ec sp=0x00000024243fd540
Event: 133.357 Thread 0x000001b113bc6530 DEOPT UNPACKING pc=0x000001b122cb69a3 sp=0x00000024243fd210 mode 2
Event: 133.358 Thread 0x000001b113bc6530 Uncommon trap: trap_request=0xffffffde fr.pc=0x000001b1233a8e50 relative=0x0000000000001130
Event: 133.358 Thread 0x000001b113bc6530 Uncommon trap: reason=class_check action=maybe_recompile pc=0x000001b1233a8e50 method=org.gradle.internal.logging.sink.OutputEventTransformer.onOutput(Lorg/gradle/internal/logging/events/OutputEvent;)V @ 308 c2
Event: 133.358 Thread 0x000001b113bc6530 DEOPT PACKING pc=0x000001b1233a8e50 sp=0x00000024243fd160
Event: 133.358 Thread 0x000001b113bc6530 DEOPT UNPACKING pc=0x000001b122cb69a3 sp=0x00000024243fd148 mode 2

Classes loaded (20 events):
Event: 7.209 Loading class java/nio/channels/SelectionKey
Event: 7.209 Loading class java/nio/channels/SelectionKey done
Event: 7.209 Loading class java/nio/channels/spi/AbstractSelectionKey done
Event: 7.209 Loading class sun/nio/ch/SelectionKeyImpl done
Event: 7.209 Loading class java/lang/invoke/ConstantBootstraps
Event: 7.209 Loading class java/lang/invoke/ConstantBootstraps done
Event: 7.219 Loading class java/nio/channels/spi/AbstractSelector$1
Event: 7.219 Loading class java/nio/channels/spi/AbstractSelector$1 done
Event: 7.257 Loading class java/util/concurrent/Executors$FinalizableDelegatedExecutorService
Event: 7.258 Loading class java/util/concurrent/Executors$FinalizableDelegatedExecutorService done
Event: 92.640 Loading class jdk/internal/misc/ScopedMemoryAccess$Scope$Handle
Event: 92.640 Loading class jdk/internal/misc/ScopedMemoryAccess$Scope$Handle done
Event: 133.356 Loading class sun/net/ConnectionResetException
Event: 133.357 Loading class sun/net/ConnectionResetException done
Event: 133.358 Loading class java/nio/file/FileChannelLinesSpliterator
Event: 133.359 Loading class java/nio/file/FileChannelLinesSpliterator done
Event: 133.359 Loading class sun/nio/fs/WindowsChannelFactory$2
Event: 133.359 Loading class sun/nio/fs/WindowsChannelFactory$2 done
Event: 133.359 Loading class java/util/stream/Streams$1
Event: 133.359 Loading class java/util/stream/Streams$1 done

Classes unloaded (0 events):
No events

Classes redefined (0 events):
No events

Internal exceptions (20 events):
Event: 5.678 Thread 0x000001b113bc6530 Implicit null exception at 0x000001b123278f00 to 0x000001b123278f7c
Event: 5.683 Thread 0x000001b113bc6530 Exception <a 'java/lang/NoClassDefFoundError'{0x00000000fe879100}: org/slf4j/impl/StaticMarkerBinder> (0x00000000fe879100) 
thrown [s\src\hotspot\share\classfile\systemDictionary.cpp, line 245]
Event: 5.693 Thread 0x000001b113bc6530 Exception <a 'java/lang/NoSuchMethodError'{0x00000000fe7293c8}: 'java.lang.Object java.lang.invoke.Invokers$Holder.invoker(java.lang.Object, java.lang.Object, java.lang.Object)'> (0x00000000fe7293c8) 
thrown [s\src\hotspot\share\interpreter\linkResolver.cpp, line 759]
Event: 5.694 Thread 0x000001b113bc6530 Exception <a 'java/lang/NoSuchMethodError'{0x00000000fe7324a8}: 'java.lang.Object java.lang.invoke.DirectMethodHandle$Holder.invokeStatic(java.lang.Object, java.lang.Object, int)'> (0x00000000fe7324a8) 
thrown [s\src\hotspot\share\interpreter\linkResolver.cpp, line 759]
Event: 5.695 Thread 0x000001b113bc6530 Exception <a 'java/lang/NoSuchMethodError'{0x00000000fe73e198}: 'void java.lang.invoke.DelegatingMethodHandle$Holder.delegate(java.lang.Object, java.lang.Object, int, java.lang.Object)'> (0x00000000fe73e198) 
thrown [s\src\hotspot\share\interpreter\linkResolver.cpp, line 759]
Event: 5.696 Thread 0x000001b113bc6530 Exception <a 'java/lang/NoSuchMethodError'{0x00000000fe74e600}: 'java.lang.Object java.lang.invoke.Invokers$Holder.invokeExact_MT(java.lang.Object, java.lang.Object, java.lang.Object, java.lang.Object)'> (0x00000000fe74e600) 
thrown [s\src\hotspot\share\interpreter\linkResolver.cpp, line 759]
Event: 5.698 Thread 0x000001b113bc6530 Exception <a 'java/lang/NoSuchMethodError'{0x00000000fe773498}: 'java.lang.Object java.lang.invoke.DirectMethodHandle$Holder.invokeVirtual(java.lang.Object, java.lang.Object, java.lang.Object)'> (0x00000000fe773498) 
thrown [s\src\hotspot\share\interpreter\linkResolver.cpp, line 759]
Event: 5.751 Thread 0x000001b113bc6530 Exception <a 'java/lang/NoSuchMethodError'{0x00000000fe3200e8}: 'java.lang.Object java.lang.invoke.DirectMethodHandle$Holder.newInvokeSpecial(java.lang.Object, java.lang.Object, java.lang.Object, java.lang.Object, java.lang.Object)'> (0x00000000fe3200e8) 
thrown [s\src\hotspot\share\interpreter\linkResolver.cpp, line 759]
Event: 5.766 Thread 0x000001b113bc6530 Exception <a 'java/lang/NoSuchMethodError'{0x00000000fe1347d0}: 'void java.lang.invoke.DirectMethodHandle$Holder.invokeSpecial(java.lang.Object, java.lang.Object, java.lang.Object)'> (0x00000000fe1347d0) 
thrown [s\src\hotspot\share\interpreter\linkResolver.cpp, line 759]
Event: 5.779 Thread 0x000001b113bc6530 Exception <a 'java/lang/NoSuchMethodError'{0x00000000fe018f78}: 'int java.lang.invoke.DirectMethodHandle$Holder.invokeVirtual(java.lang.Object, java.lang.Object, java.lang.Object)'> (0x00000000fe018f78) 
thrown [s\src\hotspot\share\interpreter\linkResolver.cpp, line 759]
Event: 5.814 Thread 0x000001b113bc6530 Exception <a 'java/lang/NoSuchMethodError'{0x00000000fdedb198}: 'java.lang.Object java.lang.invoke.DirectMethodHandle$Holder.invokeSpecialIFC(java.lang.Object, java.lang.Object, java.lang.Object, java.lang.Object)'> (0x00000000fdedb198) 
thrown [s\src\hotspot\share\interpreter\linkResolver.cpp, line 759]
Event: 5.876 Thread 0x000001b113bc6530 Exception <a 'java/lang/NoSuchMethodError'{0x00000000fdbc00c8}: 'void java.lang.invoke.DirectMethodHandle$Holder.invokeStatic(java.lang.Object, java.lang.Object, java.lang.Object)'> (0x00000000fdbc00c8) 
thrown [s\src\hotspot\share\interpreter\linkResolver.cpp, line 759]
Event: 5.961 Thread 0x000001b1745661c0 Exception <a 'java/lang/NoSuchMethodError'{0x00000000ffa8b140}: 'void java.lang.invoke.DirectMethodHandle$Holder.invokeStatic(java.lang.Object, long)'> (0x00000000ffa8b140) 
thrown [s\src\hotspot\share\interpreter\linkResolver.cpp, line 759]
Event: 5.961 Thread 0x000001b1745661c0 Exception <a 'java/lang/NoSuchMethodError'{0x00000000ffa90b08}: 'java.lang.Object java.lang.invoke.DirectMethodHandle$Holder.newInvokeSpecial(java.lang.Object, long)'> (0x00000000ffa90b08) 
thrown [s\src\hotspot\share\interpreter\linkResolver.cpp, line 759]
Event: 5.962 Thread 0x000001b1745661c0 Exception <a 'java/lang/NoSuchMethodError'{0x00000000ffa9b730}: 'java.lang.Object java.lang.invoke.DirectMethodHandle$Holder.invokeStaticInit(java.lang.Object, java.lang.Object, long, java.lang.Object)'> (0x00000000ffa9b730) 
thrown [s\src\hotspot\share\interpreter\linkResolver.cpp, line 759]
Event: 5.963 Thread 0x000001b1745661c0 Exception <a 'java/lang/NoSuchMethodError'{0x00000000ffaa1dc8}: 'java.lang.Object java.lang.invoke.DirectMethodHandle$Holder.newInvokeSpecial(java.lang.Object, java.lang.Object, long)'> (0x00000000ffaa1dc8) 
thrown [s\src\hotspot\share\interpreter\linkResolver.cpp, line 759]
Event: 5.963 Thread 0x000001b1745661c0 Exception <a 'java/lang/NoSuchMethodError'{0x00000000ffaa60b8}: 'java.lang.Object java.lang.invoke.Invokers$Holder.linkToTargetMethod(java.lang.Object, long, java.lang.Object)'> (0x00000000ffaa60b8) 
thrown [s\src\hotspot\share\interpreter\linkResolver.cpp, line 759]
Event: 7.197 Thread 0x000001b113bc6530 Implicit null exception at 0x000001b1232eaa72 to 0x000001b1232eb09c
Event: 9.322 Thread 0x000001b173a17410 Implicit null exception at 0x000001b1232858f7 to 0x000001b123285bbc
Event: 133.357 Thread 0x000001b113bc6530 Exception <a 'sun/net/ConnectionResetException'{0x00000000feed6b60}: Connection reset> (0x00000000feed6b60) 
thrown [s\src\hotspot\share\prims\jni.cpp, line 535]

VM Operations (20 events):
Event: 105.068 Executing VM operation: HandshakeAllThreads
Event: 105.068 Executing VM operation: HandshakeAllThreads done
Event: 105.068 Executing VM operation: Cleanup
Event: 105.068 Executing VM operation: Cleanup done
Event: 106.069 Executing VM operation: Cleanup
Event: 106.069 Executing VM operation: Cleanup done
Event: 117.078 Executing VM operation: Cleanup
Event: 117.078 Executing VM operation: Cleanup done
Event: 118.080 Executing VM operation: Cleanup
Event: 118.080 Executing VM operation: Cleanup done
Event: 119.081 Executing VM operation: Cleanup
Event: 119.081 Executing VM operation: Cleanup done
Event: 120.082 Executing VM operation: Cleanup
Event: 120.082 Executing VM operation: Cleanup done
Event: 120.182 Executing VM operation: HandshakeAllThreads
Event: 120.182 Executing VM operation: HandshakeAllThreads done
Event: 131.209 Executing VM operation: Cleanup
Event: 131.209 Executing VM operation: Cleanup done
Event: 132.210 Executing VM operation: Cleanup
Event: 132.210 Executing VM operation: Cleanup done

Memory protections (0 events):
No events

Nmethod flushes (0 events):
No events

Events (20 events):
Event: 0.888 Thread 0x000001b1736d68b0 Thread exited: 0x000001b1736d68b0
Event: 0.920 Thread 0x000001b12da826e0 Thread added: 0x000001b173235020
Event: 1.195 Thread 0x000001b173235020 Thread exited: 0x000001b173235020
Event: 4.314 Thread 0x000001b113bc6530 Thread added: 0x000001b173a17410
Event: 5.376 Thread 0x000001b12da826e0 Thread added: 0x000001b174016a30
Event: 5.405 Thread 0x000001b12da826e0 Thread added: 0x000001b173bf98c0
Event: 5.721 Thread 0x000001b113bc6530 Thread added: 0x000001b174b8b890
Event: 5.956 Thread 0x000001b113bc6530 Thread added: 0x000001b1745661c0
Event: 5.964 Thread 0x000001b1745661c0 Thread added: 0x000001b1745ad430
Event: 5.964 Thread 0x000001b1745ad430 Thread exited: 0x000001b1745ad430
Event: 5.965 Thread 0x000001b1745661c0 Thread added: 0x000001b1745ad430
Event: 7.190 Thread 0x000001b173bf98c0 Thread exited: 0x000001b173bf98c0
Event: 7.190 Thread 0x000001b174016a30 Thread exited: 0x000001b174016a30
Event: 7.192 Thread 0x000001b1745661c0 Thread exited: 0x000001b1745661c0
Event: 7.192 Thread 0x000001b1745ad430 Thread exited: 0x000001b1745ad430
Event: 9.325 Thread 0x000001b173a17410 Thread exited: 0x000001b173a17410
Event: 92.602 Thread 0x000001b12da81c30 Thread added: 0x000001b173cafaa0
Event: 92.602 Thread 0x000001b12da81c30 Thread added: 0x000001b1732b36f0
Event: 92.811 Thread 0x000001b1732b36f0 Thread exited: 0x000001b1732b36f0
Event: 92.821 Thread 0x000001b173cafaa0 Thread exited: 0x000001b173cafaa0


Dynamic libraries:
0x00007ff72e610000 - 0x00007ff72e61e000 	C:\Program Files\Eclipse Adoptium\jdk-17.0.18.8-hotspot\bin\java.exe
0x00007ffd77e70000 - 0x00007ffd78088000 	C:\Windows\SYSTEM32\ntdll.dll
0x00007ffd768e0000 - 0x00007ffd769a4000 	C:\Windows\System32\KERNEL32.DLL
0x00007ffd755f0000 - 0x00007ffd759c3000 	C:\Windows\System32\KERNELBASE.dll
0x00007ffd750a0000 - 0x00007ffd751b1000 	C:\Windows\System32\ucrtbase.dll
0x00007ffd6e620000 - 0x00007ffd6e638000 	C:\Program Files\Eclipse Adoptium\jdk-17.0.18.8-hotspot\bin\jli.dll
0x00007ffd6e3b0000 - 0x00007ffd6e3ce000 	C:\Program Files\Eclipse Adoptium\jdk-17.0.18.8-hotspot\bin\VCRUNTIME140.dll
0x00007ffd76200000 - 0x00007ffd763b2000 	C:\Windows\System32\USER32.dll
0x00007ffd75590000 - 0x00007ffd755b6000 	C:\Windows\System32\win32u.dll
0x00007ffd62960000 - 0x00007ffd62bfc000 	C:\Windows\WinSxS\amd64_microsoft.windows.common-controls_6595b64144ccf1df_6.0.22621.6060_none_2712eda17382d24b\COMCTL32.dll
0x00007ffd76620000 - 0x00007ffd76649000 	C:\Windows\System32\GDI32.dll
0x00007ffd76650000 - 0x00007ffd766f7000 	C:\Windows\System32\msvcrt.dll
0x00007ffd74f80000 - 0x00007ffd7509b000 	C:\Windows\System32\gdi32full.dll
0x00007ffd751c0000 - 0x00007ffd7525a000 	C:\Windows\System32\msvcp_win.dll
0x00007ffd769b0000 - 0x00007ffd769e1000 	C:\Windows\System32\IMM32.DLL
0x00007ffd6e3a0000 - 0x00007ffd6e3ac000 	C:\Program Files\Eclipse Adoptium\jdk-17.0.18.8-hotspot\bin\vcruntime140_1.dll
0x00007ffd6e310000 - 0x00007ffd6e39d000 	C:\Program Files\Eclipse Adoptium\jdk-17.0.18.8-hotspot\bin\msvcp140.dll
0x00007ffc7e1a0000 - 0x00007ffc7ee0b000 	C:\Program Files\Eclipse Adoptium\jdk-17.0.18.8-hotspot\bin\server\jvm.dll
0x00007ffd76ea0000 - 0x00007ffd76f51000 	C:\Windows\System32\ADVAPI32.dll
0x00007ffd77400000 - 0x00007ffd774a8000 	C:\Windows\System32\sechost.dll
0x00007ffd755c0000 - 0x00007ffd755e8000 	C:\Windows\System32\bcrypt.dll
0x00007ffd772e0000 - 0x00007ffd773f8000 	C:\Windows\System32\RPCRT4.dll
0x00007ffd76520000 - 0x00007ffd76591000 	C:\Windows\System32\WS2_32.dll
0x00007ffd74e50000 - 0x00007ffd74e9d000 	C:\Windows\SYSTEM32\POWRPROF.dll
0x00007ffd62ef0000 - 0x00007ffd62f24000 	C:\Windows\SYSTEM32\WINMM.dll
0x00007ffd71660000 - 0x00007ffd7166a000 	C:\Windows\SYSTEM32\VERSION.dll
0x00007ffd74e30000 - 0x00007ffd74e43000 	C:\Windows\SYSTEM32\UMPDC.dll
0x00007ffd73f60000 - 0x00007ffd73f78000 	C:\Windows\SYSTEM32\kernel.appcore.dll
0x00007ffd6e300000 - 0x00007ffd6e30a000 	C:\Program Files\Eclipse Adoptium\jdk-17.0.18.8-hotspot\bin\jimage.dll
0x00007ffd72b50000 - 0x00007ffd72d83000 	C:\Windows\SYSTEM32\DBGHELP.DLL
0x00007ffd769f0000 - 0x00007ffd76d81000 	C:\Windows\System32\combase.dll
0x00007ffd763c0000 - 0x00007ffd76498000 	C:\Windows\System32\OLEAUT32.dll
0x00007ffd4ebd0000 - 0x00007ffd4ec02000 	C:\Windows\SYSTEM32\dbgcore.DLL
0x00007ffd759d0000 - 0x00007ffd75a4b000 	C:\Windows\System32\bcryptPrimitives.dll
0x00007ffd6e2d0000 - 0x00007ffd6e2f5000 	C:\Program Files\Eclipse Adoptium\jdk-17.0.18.8-hotspot\bin\java.dll
0x00007ffd28540000 - 0x00007ffd28617000 	C:\Program Files\Eclipse Adoptium\jdk-17.0.18.8-hotspot\bin\jsvml.dll
0x00007ffd77590000 - 0x00007ffd77e2c000 	C:\Windows\System32\SHELL32.dll
0x00007ffd752e0000 - 0x00007ffd7541f000 	C:\Windows\System32\wintypes.dll
0x00007ffd72e80000 - 0x00007ffd7379a000 	C:\Windows\SYSTEM32\windows.storage.dll
0x00007ffd771d0000 - 0x00007ffd772d4000 	C:\Windows\System32\SHCORE.dll
0x00007ffd765a0000 - 0x00007ffd76609000 	C:\Windows\System32\shlwapi.dll
0x00007ffd74eb0000 - 0x00007ffd74ed5000 	C:\Windows\SYSTEM32\profapi.dll
0x00007ffd4e490000 - 0x00007ffd4e4aa000 	C:\Program Files\Eclipse Adoptium\jdk-17.0.18.8-hotspot\bin\net.dll
0x00007ffd718a0000 - 0x00007ffd719cc000 	C:\Windows\SYSTEM32\WINHTTP.dll
0x00007ffd74440000 - 0x00007ffd744a9000 	C:\Windows\system32\mswsock.dll
0x00007ffd4e470000 - 0x00007ffd4e486000 	C:\Program Files\Eclipse Adoptium\jdk-17.0.18.8-hotspot\bin\nio.dll
0x00007ffd3e470000 - 0x00007ffd3e488000 	C:\Program Files\Eclipse Adoptium\jdk-17.0.18.8-hotspot\bin\zip.dll
0x00007ffd74690000 - 0x00007ffd746ab000 	C:\Windows\SYSTEM32\CRYPTSP.dll
0x00007ffd73ec0000 - 0x00007ffd73ef7000 	C:\Windows\system32\rsaenh.dll
0x00007ffd74530000 - 0x00007ffd74558000 	C:\Windows\SYSTEM32\USERENV.dll
0x00007ffd746b0000 - 0x00007ffd746bc000 	C:\Windows\SYSTEM32\CRYPTBASE.dll
0x00007ffd73a00000 - 0x00007ffd73a2d000 	C:\Windows\SYSTEM32\IPHLPAPI.DLL
0x00007ffd76610000 - 0x00007ffd76619000 	C:\Windows\System32\NSI.dll
0x00007ffd71840000 - 0x00007ffd71859000 	C:\Windows\SYSTEM32\dhcpcsvc6.DLL
0x00007ffd71800000 - 0x00007ffd7181f000 	C:\Windows\SYSTEM32\dhcpcsvc.DLL
0x00007ffd73a70000 - 0x00007ffd73b68000 	C:\Windows\SYSTEM32\DNSAPI.dll
0x00007ffd6e220000 - 0x00007ffd6e22e000 	C:\Program Files\Eclipse Adoptium\jdk-17.0.18.8-hotspot\bin\sunmscapi.dll
0x00007ffd75420000 - 0x00007ffd75588000 	C:\Windows\System32\CRYPT32.dll
0x00007ffd74850000 - 0x00007ffd7487e000 	C:\Windows\SYSTEM32\ncrypt.dll
0x00007ffd74810000 - 0x00007ffd74847000 	C:\Windows\SYSTEM32\NTASN1.dll
0x00007ffd67fd0000 - 0x00007ffd67fda000 	C:\Windows\System32\rasadhlp.dll
0x00007ffd6f2a0000 - 0x00007ffd6f324000 	C:\Windows\System32\fwpuclnt.dll
0x00007ffd547c0000 - 0x00007ffd547c9000 	C:\Program Files\Eclipse Adoptium\jdk-17.0.18.8-hotspot\bin\extnet.dll
0x00007ffd4e460000 - 0x00007ffd4e470000 	C:\Program Files\Eclipse Adoptium\jdk-17.0.18.8-hotspot\bin\verify.dll
0x00007ffd3e710000 - 0x00007ffd3e71a000 	C:\Program Files\Eclipse Adoptium\jdk-17.0.18.8-hotspot\bin\management.dll
0x00007ffd3e460000 - 0x00007ffd3e46c000 	C:\Program Files\Eclipse Adoptium\jdk-17.0.18.8-hotspot\bin\management_ext.dll
0x00007ffd774b0000 - 0x00007ffd774b8000 	C:\Windows\System32\PSAPI.DLL
0x00007ffd2a810000 - 0x00007ffd2a837000 	C:\Users\Ari\.gradle\native\c067742578af261105cb4f569cf0c3c89f3d7b1fecec35dd04571415982c5e48\windows-amd64\native-platform.dll
0x00007ffd71680000 - 0x00007ffd71688000 	C:\Windows\system32\wshunix.dll

dbghelp: loaded successfully - version: 4.0.5 - missing functions: none
symbol engine: initialized successfully - sym options: 0x614 - pdb path: .;C:\Program Files\Eclipse Adoptium\jdk-17.0.18.8-hotspot\bin;C:\Windows\SYSTEM32;C:\Windows\WinSxS\amd64_microsoft.windows.common-controls_6595b64144ccf1df_6.0.22621.6060_none_2712eda17382d24b;C:\Program Files\Eclipse Adoptium\jdk-17.0.18.8-hotspot\bin\server;C:\Users\Ari\.gradle\native\c067742578af261105cb4f569cf0c3c89f3d7b1fecec35dd04571415982c5e48\windows-amd64

VM Arguments:
jvm_args: -Xmx64m -Xms64m -Dorg.gradle.appname=gradlew 
java_command: org.gradle.wrapper.GradleWrapperMain assembleRelease --stacktrace
java_class_path (initial): C:\Users\Ari\Desktop\pickgol2026\twa-pickgol\\gradle\wrapper\gradle-wrapper.jar
Launcher Type: SUN_STANDARD

[Global flags]
     intx CICompilerCount                          = 4                                         {product} {ergonomic}
     uint ConcGCThreads                            = 3                                         {product} {ergonomic}
     uint G1ConcRefinementThreads                  = 10                                        {product} {ergonomic}
   size_t G1HeapRegionSize                         = 1048576                                   {product} {ergonomic}
    uintx GCDrainStackTargetSize                   = 64                                        {product} {ergonomic}
   size_t InitialHeapSize                          = 67108864                                  {product} {command line}
   size_t MarkStackSize                            = 4194304                                   {product} {ergonomic}
   size_t MaxHeapSize                              = 67108864                                  {product} {command line}
   size_t MaxNewSize                               = 39845888                                  {product} {ergonomic}
   size_t MinHeapDeltaBytes                        = 1048576                                   {product} {ergonomic}
   size_t MinHeapSize                              = 67108864                                  {product} {command line}
    uintx NonNMethodCodeHeapSize                   = 5839372                                {pd product} {ergonomic}
    uintx NonProfiledCodeHeapSize                  = 122909434                              {pd product} {ergonomic}
    uintx ProfiledCodeHeapSize                     = 122909434                              {pd product} {ergonomic}
    uintx ReservedCodeCacheSize                    = 251658240                              {pd product} {ergonomic}
     bool SegmentedCodeCache                       = true                                      {product} {ergonomic}
   size_t SoftMaxHeapSize                          = 67108864                               {manageable} {ergonomic}
     bool UseCompressedClassPointers               = true                           {product lp64_product} {ergonomic}
     bool UseCompressedOops                        = true                           {product lp64_product} {ergonomic}
     bool UseG1GC                                  = true                                      {product} {ergonomic}
     bool UseLargePagesIndividualAllocation        = false                                  {pd product} {ergonomic}

Logging:
Log output configuration:
 #0: stdout all=warning uptime,level,tags
 #1: stderr all=off uptime,level,tags

Environment Variables:
JAVA_HOME=C:\Program Files\Eclipse Adoptium\jdk-17.0.18.8-hotspot\
CLASSPATH=C:\Users\Ari\Desktop\pickgol2026\twa-pickgol\\gradle\wrapper\gradle-wrapper.jar
PATH=C:\Program Files\Eclipse Adoptium\jdk-17.0.18.8-hotspot\bin\;C:\Program Files\Eclipse Adoptium\jdk-25.0.2.10-hotspot\bin;C:\Python314\Scripts\;C:\Python314\;C:\Windows\system32;C:\Windows;C:\Windows\System32\Wbem;C:\Windows\System32\WindowsPowerShell\v1.0\;C:\Windows\System32\OpenSSH\;C:\Program Files\dotnet\;C:\Program Files\Microsoft SQL Server\120\Tools\Binn\;C:\Program Files\Common Files\Autodesk Shared\;C:\Program Files\WireGuard\;C:\Program Files\nodejs\;C:\ProgramData\chocolatey\bin;C:\Program Files (x86)\Git\cmd;C:\Users\Ari\AppData\Local\Microsoft\WindowsApps;C:\Users\Ari\AppData\Local\Python\bin;C:\Users\Ari\AppData\Roaming\npm;C:\Users\Ari\AppData\Local\Programs\Microsoft VS Code\bin
USERNAME=Ari
TMPDIR=C:\Users\Public\Documents\Wondershare\CreatorTemp
OS=Windows_NT
PROCESSOR_IDENTIFIER=Intel64 Family 6 Model 165 Stepping 3, GenuineIntel
TMP=C:\Users\Ari\AppData\Local\Temp
TEMP=C:\Users\Ari\AppData\Local\Temp



Periodic native trim disabled


---------------  S Y S T E M  ---------------

OS:
 Windows 11 , 64 bit Build 22621 (10.0.22621.5415)
OS uptime: 1 days 19:20 hours

CPU: total 12 (initial active 12) (6 cores per cpu, 2 threads per core) family 6 model 165 stepping 3 microcode 0xf4, cx8, cmov, fxsr, ht, mmx, 3dnowpref, sse, sse2, sse3, ssse3, sse4.1, sse4.2, popcnt, lzcnt, tsc, tscinvbit, avx, avx2, aes, erms, clmul, bmi1, bmi2, adx, fma, vzeroupper, clflush, clflushopt
Processor Information for all 12 processors :
  Max Mhz: 2904, Current Mhz: 2904, Mhz Limit: 2904

Memory: 4k page, system-wide physical 16026M (1739M free)
TotalPageFile size 18074M (AvailPageFile size 2M)
current process WorkingSet (physical memory assigned to process): 126M, peak: 149M
current process commit charge ("private bytes"): 181M, peak: 211M

vm_info: OpenJDK 64-Bit Server VM (17.0.18+8) for windows-amd64 JRE (17.0.18+8), built on Jan 20 2026 22:28:22 by "admin" with MS VC++ 17.12 (VS2022)

END.
