#
# There is insufficient memory for the Java Runtime Environment to continue.
# Native memory allocation (malloc) failed to allocate 1243104 bytes. Error detail: Chunk::new
# Possible reasons:
#   The system is out of physical RAM or swap space
#   This process is running with CompressedOops enabled, and the Java Heap may be blocking the growth of the native heap
# Possible solutions:
#   Reduce memory load on the system
#   Increase physical memory or swap space
#   Check if swap backing store is full
#   Decrease Java heap size (-Xmx/-Xms)
#   Decrease number of Java threads
#   Decrease Java thread stack sizes (-Xss)
#   Set larger code cache with -XX:ReservedCodeCacheSize=
#   JVM is running with Unscaled Compressed Oops mode in which the Java heap is
#     placed in the first 4GB address space. The Java Heap base address is the
#     maximum limit for the native heap growth. Please use -XX:HeapBaseMinAddress
#     to set the Java Heap base and to place the Java Heap above 4GB virtual address.
# This output file may be truncated or incomplete.
#
#  Out of Memory Error (arena.cpp:191), pid=1956, tid=15868
#
# JRE version: OpenJDK Runtime Environment Temurin-17.0.18+8 (17.0.18+8) (build 17.0.18+8)
# Java VM: OpenJDK 64-Bit Server VM Temurin-17.0.18+8 (17.0.18+8, mixed mode, sharing, tiered, compressed oops, compressed class ptrs, serial gc, windows-amd64)
# No core dump will be written. Minidumps are not enabled by default on client versions of Windows
#

---------------  S U M M A R Y ------------

Command Line: --add-opens=java.base/java.lang=ALL-UNNAMED --add-opens=java.base/java.lang.invoke=ALL-UNNAMED --add-opens=java.base/java.util=ALL-UNNAMED --add-opens=java.prefs/java.util.prefs=ALL-UNNAMED --add-exports=jdk.compiler/com.sun.tools.javac.api=ALL-UNNAMED --add-exports=jdk.compiler/com.sun.tools.javac.util=ALL-UNNAMED --add-opens=java.base/java.util=ALL-UNNAMED --add-opens=java.prefs/java.util.prefs=ALL-UNNAMED --add-opens=java.base/java.nio.charset=ALL-UNNAMED --add-opens=java.base/java.net=ALL-UNNAMED --add-opens=java.base/java.util.concurrent.atomic=ALL-UNNAMED --add-opens=java.xml/javax.xml.namespace=ALL-UNNAMED -XX:MaxMetaspaceSize=256m -XX:+UseSerialGC -Xmx512m -Dfile.encoding=windows-1252 -Duser.country=ES -Duser.language=es -Duser.variant -javaagent:C:\Users\Ari\.gradle\wrapper\dists\gradle-8.11.1-bin\bpt9gzteqjrbo1mjrsomdt32c\gradle-8.11.1\lib\agents\gradle-instrumentation-agent-8.11.1.jar org.gradle.launcher.daemon.bootstrap.GradleDaemon 8.11.1

Host: Intel(R) Core(TM) i5-10400 CPU @ 2.90GHz, 12 cores, 15G,  Windows 11 , 64 bit Build 22621 (10.0.22621.5415)
Time: Wed Apr 15 22:12:35 2026 Hora est嫕dar de Argentina elapsed time: 3.699031 seconds (0d 0h 0m 3s)

---------------  T H R E A D  ---------------

Current thread (0x00000224290ddc40):  JavaThread "C2 CompilerThread1" daemon [_thread_in_native, id=15868, stack(0x000000bcd4400000,0x000000bcd4500000)]


Current CompileTask:
C2:3699 4322       4       jdk.internal.loader.URLClassPath::getResource (74 bytes)

Stack: [0x000000bcd4400000,0x000000bcd4500000]
Native frames: (J=compiled Java code, j=interpreted, Vv=VM code, C=native code)
V  [jvm.dll+0x6846f9]
V  [jvm.dll+0x839ea5]
V  [jvm.dll+0x83b91e]
V  [jvm.dll+0x83bfa3]
V  [jvm.dll+0x248eff]
V  [jvm.dll+0xad496]
V  [jvm.dll+0xadb3c]
V  [jvm.dll+0x368c1e]
V  [jvm.dll+0x1bc3f9]
V  [jvm.dll+0x219f10]
V  [jvm.dll+0x219200]
V  [jvm.dll+0x1a4920]
V  [jvm.dll+0x22989a]
V  [jvm.dll+0x227a4b]
V  [jvm.dll+0x7f0658]
V  [jvm.dll+0x7eaaec]
V  [jvm.dll+0x6835c7]
C  [ucrtbase.dll+0x29333]
C  [KERNEL32.DLL+0x1259d]
C  [ntdll.dll+0x5af78]


---------------  P R O C E S S  ---------------

Threads class SMR info:
_java_thread_list=0x000002242abf8900, length=38, elements={
0x000002247d15c6b0, 0x000002247d1d7ae0, 0x000002247d1d9890, 0x000002247d1eeb60,
0x000002247d1ef430, 0x000002247d1efe00, 0x000002247d1f08d0, 0x000002247d1f3280,
0x000002247d1f5c50, 0x000002247d1f8d10, 0x000002247d1bfb10, 0x00000224290d7690,
0x00000224290ddc40, 0x000002242ac6a320, 0x000002242aceafc0, 0x000002242acf6f60,
0x000002242adf72b0, 0x000002242ae4d4c0, 0x000002242ae4f320, 0x000002242ae4d9d0,
0x000002242ae4ee10, 0x000002242ae4f830, 0x000002242ae4fd40, 0x000002242ae4caa0,
0x000002242ae4dee0, 0x000002242ae4c590, 0x000002242ae4e3f0, 0x000002242b85e130,
0x000002242b8618e0, 0x000002242b862810, 0x000002242b8604a0, 0x000002242b863740,
0x000002242b85e640, 0x000002242b863c50, 0x000002242b862d20, 0x000002242b85eb50,
0x000002242b85ff90, 0x000002242cec9c50
}

Java Threads: ( => current thread )
  0x000002247d15c6b0 JavaThread "main" [_thread_blocked, id=22348, stack(0x000000bcd3600000,0x000000bcd3700000)]
  0x000002247d1d7ae0 JavaThread "Reference Handler" daemon [_thread_blocked, id=7224, stack(0x000000bcd3800000,0x000000bcd3900000)]
  0x000002247d1d9890 JavaThread "Finalizer" daemon [_thread_blocked, id=5880, stack(0x000000bcd3900000,0x000000bcd3a00000)]
  0x000002247d1eeb60 JavaThread "Signal Dispatcher" daemon [_thread_blocked, id=15384, stack(0x000000bcd3a00000,0x000000bcd3b00000)]
  0x000002247d1ef430 JavaThread "Attach Listener" daemon [_thread_blocked, id=7732, stack(0x000000bcd3b00000,0x000000bcd3c00000)]
  0x000002247d1efe00 JavaThread "Service Thread" daemon [_thread_blocked, id=15944, stack(0x000000bcd3c00000,0x000000bcd3d00000)]
  0x000002247d1f08d0 JavaThread "Monitor Deflation Thread" daemon [_thread_blocked, id=7712, stack(0x000000bcd3d00000,0x000000bcd3e00000)]
  0x000002247d1f3280 JavaThread "C2 CompilerThread0" daemon [_thread_in_native, id=23716, stack(0x000000bcd3e00000,0x000000bcd3f00000)]
  0x000002247d1f5c50 JavaThread "C1 CompilerThread0" daemon [_thread_in_vm, id=9436, stack(0x000000bcd3f00000,0x000000bcd4000000)]
  0x000002247d1f8d10 JavaThread "Sweeper thread" daemon [_thread_blocked, id=8232, stack(0x000000bcd4000000,0x000000bcd4100000)]
  0x000002247d1bfb10 JavaThread "Common-Cleaner" daemon [_thread_blocked, id=24292, stack(0x000000bcd4100000,0x000000bcd4200000)]
  0x00000224290d7690 JavaThread "Notification Thread" daemon [_thread_blocked, id=11456, stack(0x000000bcd4200000,0x000000bcd4300000)]
=>0x00000224290ddc40 JavaThread "C2 CompilerThread1" daemon [_thread_in_native, id=15868, stack(0x000000bcd4400000,0x000000bcd4500000)]
  0x000002242ac6a320 JavaThread "Daemon health stats" [_thread_blocked, id=25092, stack(0x000000bcd4600000,0x000000bcd4700000)]
  0x000002242aceafc0 JavaThread "Incoming local TCP Connector on port 56846" [_thread_in_native, id=25364, stack(0x000000bcd4700000,0x000000bcd4800000)]
  0x000002242acf6f60 JavaThread "Daemon periodic checks" [_thread_blocked, id=7904, stack(0x000000bcd4800000,0x000000bcd4900000)]
  0x000002242adf72b0 JavaThread "Daemon" [_thread_blocked, id=11004, stack(0x000000bcd4900000,0x000000bcd4a00000)]
  0x000002242ae4d4c0 JavaThread "Handler for socket connection from /127.0.0.1:56846 to /127.0.0.1:56847" [_thread_in_native, id=20092, stack(0x000000bcd4a00000,0x000000bcd4b00000)]
  0x000002242ae4f320 JavaThread "Cancel handler" [_thread_blocked, id=21144, stack(0x000000bcd4b00000,0x000000bcd4c00000)]
  0x000002242ae4d9d0 JavaThread "Daemon worker" [_thread_in_native, id=10376, stack(0x000000bcd4c00000,0x000000bcd4d00000)]
  0x000002242ae4ee10 JavaThread "Asynchronous log dispatcher for DefaultDaemonConnection: socket connection from /127.0.0.1:56846 to /127.0.0.1:56847" [_thread_blocked, id=9932, stack(0x000000bcd4d00000,0x000000bcd4e00000)]
  0x000002242ae4f830 JavaThread "Stdin handler" [_thread_blocked, id=25408, stack(0x000000bcd4e00000,0x000000bcd4f00000)]
  0x000002242ae4fd40 JavaThread "Daemon client event forwarder" [_thread_blocked, id=18068, stack(0x000000bcd4f00000,0x000000bcd5000000)]
  0x000002242ae4caa0 JavaThread "Cache worker for journal cache (C:\Users\Ari\.gradle\caches\journal-1)" [_thread_blocked, id=14940, stack(0x000000bcd4500000,0x000000bcd4600000)]
  0x000002242ae4dee0 JavaThread "File lock request listener" [_thread_in_native, id=17496, stack(0x000000bcd5000000,0x000000bcd5100000)]
  0x000002242ae4c590 JavaThread "Cache worker for file hash cache (C:\Users\Ari\.gradle\caches\8.11.1\fileHashes)" [_thread_blocked, id=9160, stack(0x000000bcd5100000,0x000000bcd5200000)]
  0x000002242ae4e3f0 JavaThread "Cache worker for file content cache (C:\Users\Ari\.gradle\caches\8.11.1\fileContent)" [_thread_blocked, id=22700, stack(0x000000bcd5200000,0x000000bcd5300000)]
  0x000002242b85e130 JavaThread "Cache worker for file hash cache (C:\Users\Ari\Desktop\pickgol2026\twa-pickgol\.gradle\8.11.1\fileHashes)" [_thread_blocked, id=23956, stack(0x000000bcd5300000,0x000000bcd5400000)]
  0x000002242b8618e0 JavaThread "Cache worker for Build Output Cleanup Cache (C:\Users\Ari\Desktop\pickgol2026\twa-pickgol\.gradle\buildOutputCleanup)" [_thread_blocked, id=3120, stack(0x000000bcd5400000,0x000000bcd5500000)]
  0x000002242b862810 JavaThread "File watcher server" daemon [_thread_in_native, id=19912, stack(0x000000bcd5500000,0x000000bcd5600000)]
  0x000002242b8604a0 JavaThread "File watcher consumer" daemon [_thread_blocked, id=9072, stack(0x000000bcd5600000,0x000000bcd5700000)]
  0x000002242b863740 JavaThread "Cache worker for checksums cache (C:\Users\Ari\Desktop\pickgol2026\twa-pickgol\.gradle\8.11.1\checksums)" [_thread_blocked, id=9916, stack(0x000000bcd5700000,0x000000bcd5800000)]
  0x000002242b85e640 JavaThread "Cache worker for cache directory md-rule (C:\Users\Ari\.gradle\caches\8.11.1\md-rule)" [_thread_blocked, id=352, stack(0x000000bcd5800000,0x000000bcd5900000)]
  0x000002242b863c50 JavaThread "Cache worker for cache directory md-supplier (C:\Users\Ari\.gradle\caches\8.11.1\md-supplier)" [_thread_blocked, id=24356, stack(0x000000bcd5900000,0x000000bcd5a00000)]
  0x000002242b862d20 JavaThread "jar transforms" [_thread_blocked, id=9532, stack(0x000000bcd5b00000,0x000000bcd5c00000)]
  0x000002242b85eb50 JavaThread "jar transforms Thread 2" [_thread_blocked, id=25384, stack(0x000000bcd5c00000,0x000000bcd5d00000)]
  0x000002242b85ff90 JavaThread "jar transforms Thread 3" [_thread_blocked, id=19244, stack(0x000000bcd5a00000,0x000000bcd5b00000)]
  0x000002242cec9c50 JavaThread "C2 CompilerThread2" daemon [_thread_in_native, id=3112, stack(0x000000bcd5d00000,0x000000bcd5e00000)]

Other Threads:
  0x000002247d1cdf30 VMThread "VM Thread" [stack: 0x000000bcd3700000,0x000000bcd3800000] [id=21076]
  0x00000224290d7b70 WatcherThread [stack: 0x000000bcd4300000,0x000000bcd4400000] [id=12124]

Threads with active compile tasks:
C2 CompilerThread0  3721 4321       4       org.codehaus.groovy.runtime.metaclass.MetaMethodIndex::addMethodToList (128 bytes)
C1 CompilerThread0  3721 4475       3       java.lang.String::decodeASCII (64 bytes)
C2 CompilerThread1  3721 4322       4       jdk.internal.loader.URLClassPath::getResource (74 bytes)
C2 CompilerThread2  3721 4461       4       java.security.SecureClassLoader::defineClass (16 bytes)

VM state: not at safepoint (normal execution)

VM Mutex/Monitor currently owned by a thread:  ([mutex/lock_event])
[0x000002247d156330] CodeCache_lock - owner thread: 0x000002247d1f5c50

Heap address: 0x00000000e0000000, size: 512 MB, Compressed Oops mode: 32-bit

CDS archive(s) mapped at: [0x0000022417000000-0x0000022417bb0000-0x0000022417bb0000), size 12255232, SharedBaseAddress: 0x0000022417000000, ArchiveRelocationMode: 1.
Compressed class space mapped at: 0x0000022418000000-0x0000022425000000, reserved size: 218103808
Narrow klass base: 0x0000022417000000, Narrow klass shift: 0, Narrow klass range: 0x100000000

GC Precious Log:
 CPUs: 12 total, 12 available
 Memory: 16026M
 Large Page Support: Disabled
 NUMA Support: Disabled
 Compressed Oops: Enabled (32-bit)
 Heap Min Capacity: 8M
 Heap Initial Capacity: 252M
 Heap Max Capacity: 512M
 Pre-touch: Disabled

Heap:
 def new generation   total 77568K, used 47278K [0x00000000e0000000, 0x00000000e5420000, 0x00000000eaaa0000)
  eden space 68992K,  68% used [0x00000000e0000000, 0x00000000e2e2ba30, 0x00000000e4360000)
  from space 8576K,   0% used [0x00000000e4bc0000, 0x00000000e4bc0000, 0x00000000e5420000)
  to   space 8576K,   0% used [0x00000000e4360000, 0x00000000e4360000, 0x00000000e4bc0000)
 tenured generation   total 172032K, used 30143K [0x00000000eaaa0000, 0x00000000f52a0000, 0x0000000100000000)
   the space 172032K,  17% used [0x00000000eaaa0000, 0x00000000ec80ff98, 0x00000000ec810000, 0x00000000f52a0000)
 Metaspace       used 39985K, committed 40448K, reserved 278528K
  class space    used 5553K, committed 5760K, reserved 212992K

Card table byte_map: [0x000002247ebd0000,0x000002247ece0000] _byte_map_base: 0x000002247e4d0000

Polling page: 0x000002247e9c0000

Metaspace:

Usage:
  Non-class:     33.63 MB used.
      Class:      5.42 MB used.
       Both:     39.05 MB used.

Virtual space:
  Non-class space:       64.00 MB reserved,      33.88 MB ( 53%) committed,  1 nodes.
      Class space:      208.00 MB reserved,       5.62 MB (  3%) committed,  1 nodes.
             Both:      272.00 MB reserved,      39.50 MB ( 15%) committed. 

Chunk freelists:
   Non-Class:  13.78 MB
       Class:  10.33 MB
        Both:  24.11 MB

MaxMetaspaceSize: 256.00 MB
CompressedClassSpaceSize: 208.00 MB
Initial GC threshold: 21.00 MB
Current GC threshold: 58.38 MB
CDS: on
MetaspaceReclaimPolicy: balanced
 - commit_granule_bytes: 65536.
 - commit_granule_words: 8192.
 - virtual_space_node_default_size: 8388608.
 - enlarge_chunks_in_place: 1.
 - new_chunks_are_fully_committed: 0.
 - uncommit_free_chunks: 1.
 - use_allocation_guard: 0.
 - handle_deallocations: 1.


Internal statistics:

num_allocs_failed_limit: 6.
num_arena_births: 434.
num_arena_deaths: 0.
num_vsnodes_births: 2.
num_vsnodes_deaths: 0.
num_space_committed: 632.
num_space_uncommitted: 0.
num_chunks_returned_to_freelist: 6.
num_chunks_taken_from_freelist: 1935.
num_chunk_merges: 6.
num_chunk_splits: 1292.
num_chunks_enlarged: 923.
num_inconsistent_stats: 0.

CodeHeap 'non-profiled nmethods': size=120000Kb used=2579Kb max_used=2579Kb free=117420Kb
 bounds [0x000002240f580000, 0x000002240f810000, 0x0000022416ab0000]
CodeHeap 'profiled nmethods': size=120000Kb used=9090Kb max_used=9090Kb free=110909Kb
 bounds [0x0000022407ab0000, 0x00000224083a0000, 0x000002240efe0000]
CodeHeap 'non-nmethods': size=5760Kb used=2283Kb max_used=2315Kb free=3476Kb
 bounds [0x000002240efe0000, 0x000002240f250000, 0x000002240f580000]
 total_blobs=5266 nmethods=4473 adapters=706
 compilation: enabled
              stopped_count=0, restarted_count=0
 full_count=0

Compilation events (20 events):
Event: 3.686 Thread 0x000002247d1f5c50 4444       3       com.google.common.base.Preconditions::checkArgument (25 bytes)
Event: 3.686 Thread 0x000002247d1f5c50 nmethod 4444 0x0000022408382b10 code [0x0000022408382ce0, 0x00000224083830d8]
Event: 3.687 Thread 0x000002247d1f5c50 4447       3       com.google.common.collect.LinkedHashMultimap::succeedsInMultimap (11 bytes)
Event: 3.687 Thread 0x000002247d1f5c50 nmethod 4447 0x0000022408383210 code [0x00000224083833a0, 0x00000224083834f8]
Event: 3.687 Thread 0x000002247d1f5c50 4448       1       com.google.common.collect.LinkedHashMultimap$ValueSet::setSuccessorInValueSet (6 bytes)
Event: 3.687 Thread 0x000002247d1f5c50 nmethod 4448 0x000002240f7fdf10 code [0x000002240f7fe0a0, 0x000002240f7fe178]
Event: 3.687 Thread 0x000002247d1f5c50 4449       3       org.gradle.internal.instantiation.generator.AsmBackedClassGenerator$ClassBuilderImpl::access$4000 (4 bytes)
Event: 3.687 Thread 0x000002247d1f5c50 nmethod 4449 0x0000022408383610 code [0x00000224083837a0, 0x0000022408383898]
Event: 3.687 Thread 0x000002247d1f5c50 4450       3       org.gradle.model.internal.asm.MethodVisitorScope::_INVOKESPECIAL (13 bytes)
Event: 3.687 Thread 0x000002247d1f5c50 nmethod 4450 0x0000022408383910 code [0x0000022408383ae0, 0x0000022408383d78]
Event: 3.687 Thread 0x000002247d1f5c50 4451       3       org.gradle.model.internal.asm.MethodVisitorScope::_CHECKCAST (9 bytes)
Event: 3.688 Thread 0x000002247d1f5c50 nmethod 4451 0x0000022408383f10 code [0x00000224083840c0, 0x0000022408384328]
Event: 3.689 Thread 0x000002242cec9c50 nmethod 4376 0x000002240f7fe210 code [0x000002240f7fe4a0, 0x000002240f7ff610]
Event: 3.690 Thread 0x000002242cec9c50 4446       4       org.gradle.internal.instantiation.generator.AbstractClassGenerator$ClassGenerationHandler::visitProperty (1 bytes)
Event: 3.690 Thread 0x000002242cec9c50 nmethod 4446 0x000002240f800410 code [0x000002240f800580, 0x000002240f8005f8]
Event: 3.690 Thread 0x000002242cec9c50 4422       4       java.util.StringJoiner::checkAddLength (50 bytes)
Event: 3.690 Thread 0x000002242cec9c50 nmethod 4422 0x000002240f800710 code [0x000002240f8008a0, 0x000002240f8009b8]
Event: 3.690 Thread 0x000002242cec9c50 4445       4       java.lang.Class::getGenericInfo (52 bytes)
Event: 3.691 Thread 0x000002242cec9c50 nmethod 4445 0x000002240f800b10 code [0x000002240f800cc0, 0x000002240f800e08]
Event: 3.691 Thread 0x000002242cec9c50 4373       4       java.lang.PublicMethods::merge (81 bytes)

GC Heap History (12 events):
Event: 0.663 GC heap before
{Heap before GC invocations=0 (full 0):
 def new generation   total 77440K, used 68864K [0x00000000e0000000, 0x00000000e5400000, 0x00000000eaaa0000)
  eden space 68864K, 100% used [0x00000000e0000000, 0x00000000e4340000, 0x00000000e4340000)
  from space 8576K,   0% used [0x00000000e4340000, 0x00000000e4340000, 0x00000000e4ba0000)
  to   space 8576K,   0% used [0x00000000e4ba0000, 0x00000000e4ba0000, 0x00000000e5400000)
 tenured generation   total 172032K, used 0K [0x00000000eaaa0000, 0x00000000f52a0000, 0x0000000100000000)
   the space 172032K,   0% used [0x00000000eaaa0000, 0x00000000eaaa0000, 0x00000000eaaa0200, 0x00000000f52a0000)
 Metaspace       used 4355K, committed 4544K, reserved 278528K
  class space    used 541K, committed 640K, reserved 212992K
}
Event: 0.672 GC heap after
{Heap after GC invocations=1 (full 0):
 def new generation   total 77440K, used 8576K [0x00000000e0000000, 0x00000000e5400000, 0x00000000eaaa0000)
  eden space 68864K,   0% used [0x00000000e0000000, 0x00000000e0000000, 0x00000000e4340000)
  from space 8576K, 100% used [0x00000000e4ba0000, 0x00000000e5400000, 0x00000000e5400000)
  to   space 8576K,   0% used [0x00000000e4340000, 0x00000000e4340000, 0x00000000e4ba0000)
 tenured generation   total 172032K, used 1826K [0x00000000eaaa0000, 0x00000000f52a0000, 0x0000000100000000)
   the space 172032K,   1% used [0x00000000eaaa0000, 0x00000000eac68b48, 0x00000000eac68c00, 0x00000000f52a0000)
 Metaspace       used 4355K, committed 4544K, reserved 278528K
  class space    used 541K, committed 640K, reserved 212992K
}
Event: 1.440 GC heap before
{Heap before GC invocations=1 (full 0):
 def new generation   total 77440K, used 77440K [0x00000000e0000000, 0x00000000e5400000, 0x00000000eaaa0000)
  eden space 68864K, 100% used [0x00000000e0000000, 0x00000000e4340000, 0x00000000e4340000)
  from space 8576K, 100% used [0x00000000e4ba0000, 0x00000000e5400000, 0x00000000e5400000)
  to   space 8576K,   0% used [0x00000000e4340000, 0x00000000e4340000, 0x00000000e4ba0000)
 tenured generation   total 172032K, used 1826K [0x00000000eaaa0000, 0x00000000f52a0000, 0x0000000100000000)
   the space 172032K,   1% used [0x00000000eaaa0000, 0x00000000eac68b48, 0x00000000eac68c00, 0x00000000f52a0000)
 Metaspace       used 10388K, committed 10560K, reserved 278528K
  class space    used 1392K, committed 1472K, reserved 212992K
}
Event: 1.456 GC heap after
{Heap after GC invocations=2 (full 0):
 def new generation   total 77440K, used 7935K [0x00000000e0000000, 0x00000000e5400000, 0x00000000eaaa0000)
  eden space 68864K,   0% used [0x00000000e0000000, 0x00000000e0000000, 0x00000000e4340000)
  from space 8576K,  92% used [0x00000000e4340000, 0x00000000e4affe48, 0x00000000e4ba0000)
  to   space 8576K,   0% used [0x00000000e4ba0000, 0x00000000e4ba0000, 0x00000000e5400000)
 tenured generation   total 172032K, used 10260K [0x00000000eaaa0000, 0x00000000f52a0000, 0x0000000100000000)
   the space 172032K,   5% used [0x00000000eaaa0000, 0x00000000eb4a50d0, 0x00000000eb4a5200, 0x00000000f52a0000)
 Metaspace       used 10388K, committed 10560K, reserved 278528K
  class space    used 1392K, committed 1472K, reserved 212992K
}
Event: 2.167 GC heap before
{Heap before GC invocations=2 (full 0):
 def new generation   total 77440K, used 76799K [0x00000000e0000000, 0x00000000e5400000, 0x00000000eaaa0000)
  eden space 68864K, 100% used [0x00000000e0000000, 0x00000000e4340000, 0x00000000e4340000)
  from space 8576K,  92% used [0x00000000e4340000, 0x00000000e4affe48, 0x00000000e4ba0000)
  to   space 8576K,   0% used [0x00000000e4ba0000, 0x00000000e4ba0000, 0x00000000e5400000)
 tenured generation   total 172032K, used 10260K [0x00000000eaaa0000, 0x00000000f52a0000, 0x0000000100000000)
   the space 172032K,   5% used [0x00000000eaaa0000, 0x00000000eb4a50d0, 0x00000000eb4a5200, 0x00000000f52a0000)
 Metaspace       used 19724K, committed 20032K, reserved 278528K
  class space    used 2857K, committed 3008K, reserved 212992K
}
Event: 2.183 GC heap after
{Heap after GC invocations=3 (full 0):
 def new generation   total 77440K, used 3772K [0x00000000e0000000, 0x00000000e5400000, 0x00000000eaaa0000)
  eden space 68864K,   0% used [0x00000000e0000000, 0x00000000e0000000, 0x00000000e4340000)
  from space 8576K,  43% used [0x00000000e4ba0000, 0x00000000e4f4f060, 0x00000000e5400000)
  to   space 8576K,   0% used [0x00000000e4340000, 0x00000000e4340000, 0x00000000e4ba0000)
 tenured generation   total 172032K, used 18078K [0x00000000eaaa0000, 0x00000000f52a0000, 0x0000000100000000)
   the space 172032K,  10% used [0x00000000eaaa0000, 0x00000000ebc478d8, 0x00000000ebc47a00, 0x00000000f52a0000)
 Metaspace       used 19724K, committed 20032K, reserved 278528K
  class space    used 2857K, committed 3008K, reserved 212992K
}
Event: 2.286 GC heap before
{Heap before GC invocations=3 (full 0):
 def new generation   total 77440K, used 16075K [0x00000000e0000000, 0x00000000e5400000, 0x00000000eaaa0000)
  eden space 68864K,  17% used [0x00000000e0000000, 0x00000000e0c03c78, 0x00000000e4340000)
  from space 8576K,  43% used [0x00000000e4ba0000, 0x00000000e4f4f060, 0x00000000e5400000)
  to   space 8576K,   0% used [0x00000000e4340000, 0x00000000e4340000, 0x00000000e4ba0000)
 tenured generation   total 172032K, used 18078K [0x00000000eaaa0000, 0x00000000f52a0000, 0x0000000100000000)
   the space 172032K,  10% used [0x00000000eaaa0000, 0x00000000ebc478d8, 0x00000000ebc47a00, 0x00000000f52a0000)
 Metaspace       used 21181K, committed 21504K, reserved 278528K
  class space    used 3085K, committed 3264K, reserved 212992K
}
Event: 2.313 GC heap after
{Heap after GC invocations=4 (full 1):
 def new generation   total 77568K, used 0K [0x00000000e0000000, 0x00000000e5420000, 0x00000000eaaa0000)
  eden space 68992K,   0% used [0x00000000e0000000, 0x00000000e0000000, 0x00000000e4360000)
  from space 8576K,   0% used [0x00000000e4360000, 0x00000000e4360000, 0x00000000e4bc0000)
  to   space 8576K,   0% used [0x00000000e4bc0000, 0x00000000e4bc0000, 0x00000000e5420000)
 tenured generation   total 172032K, used 22249K [0x00000000eaaa0000, 0x00000000f52a0000, 0x0000000100000000)
   the space 172032K,  12% used [0x00000000eaaa0000, 0x00000000ec05a790, 0x00000000ec05a800, 0x00000000f52a0000)
 Metaspace       used 21181K, committed 21504K, reserved 278528K
  class space    used 3085K, committed 3264K, reserved 212992K
}
Event: 2.987 GC heap before
{Heap before GC invocations=4 (full 1):
 def new generation   total 77568K, used 68992K [0x00000000e0000000, 0x00000000e5420000, 0x00000000eaaa0000)
  eden space 68992K, 100% used [0x00000000e0000000, 0x00000000e4360000, 0x00000000e4360000)
  from space 8576K,   0% used [0x00000000e4360000, 0x00000000e4360000, 0x00000000e4bc0000)
  to   space 8576K,   0% used [0x00000000e4bc0000, 0x00000000e4bc0000, 0x00000000e5420000)
 tenured generation   total 172032K, used 22249K [0x00000000eaaa0000, 0x00000000f52a0000, 0x0000000100000000)
   the space 172032K,  12% used [0x00000000eaaa0000, 0x00000000ec05a790, 0x00000000ec05a800, 0x00000000f52a0000)
 Metaspace       used 31492K, committed 31872K, reserved 278528K
  class space    used 4448K, committed 4608K, reserved 212992K
}
Event: 2.996 GC heap after
{Heap after GC invocations=5 (full 1):
 def new generation   total 77568K, used 4981K [0x00000000e0000000, 0x00000000e5420000, 0x00000000eaaa0000)
  eden space 68992K,   0% used [0x00000000e0000000, 0x00000000e0000000, 0x00000000e4360000)
  from space 8576K,  58% used [0x00000000e4bc0000, 0x00000000e509d5c0, 0x00000000e5420000)
  to   space 8576K,   0% used [0x00000000e4360000, 0x00000000e4360000, 0x00000000e4bc0000)
 tenured generation   total 172032K, used 22249K [0x00000000eaaa0000, 0x00000000f52a0000, 0x0000000100000000)
   the space 172032K,  12% used [0x00000000eaaa0000, 0x00000000ec05a790, 0x00000000ec05a800, 0x00000000f52a0000)
 Metaspace       used 31492K, committed 31872K, reserved 278528K
  class space    used 4448K, committed 4608K, reserved 212992K
}
Event: 3.319 GC heap before
{Heap before GC invocations=5 (full 1):
 def new generation   total 77568K, used 54314K [0x00000000e0000000, 0x00000000e5420000, 0x00000000eaaa0000)
  eden space 68992K,  71% used [0x00000000e0000000, 0x00000000e302d480, 0x00000000e4360000)
  from space 8576K,  58% used [0x00000000e4bc0000, 0x00000000e509d5c0, 0x00000000e5420000)
  to   space 8576K,   0% used [0x00000000e4360000, 0x00000000e4360000, 0x00000000e4bc0000)
 tenured generation   total 172032K, used 22249K [0x00000000eaaa0000, 0x00000000f52a0000, 0x0000000100000000)
   the space 172032K,  12% used [0x00000000eaaa0000, 0x00000000ec05a790, 0x00000000ec05a800, 0x00000000f52a0000)
 Metaspace       used 35425K, committed 35840K, reserved 278528K
  class space    used 4947K, committed 5184K, reserved 212992K
}
Event: 3.368 GC heap after
{Heap after GC invocations=6 (full 2):
 def new generation   total 77568K, used 0K [0x00000000e0000000, 0x00000000e5420000, 0x00000000eaaa0000)
  eden space 68992K,   0% used [0x00000000e0000000, 0x00000000e0000000, 0x00000000e4360000)
  from space 8576K,   0% used [0x00000000e4bc0000, 0x00000000e4bc0000, 0x00000000e5420000)
  to   space 8576K,   0% used [0x00000000e4360000, 0x00000000e4360000, 0x00000000e4bc0000)
 tenured generation   total 172032K, used 30143K [0x00000000eaaa0000, 0x00000000f52a0000, 0x0000000100000000)
   the space 172032K,  17% used [0x00000000eaaa0000, 0x00000000ec80ff98, 0x00000000ec810000, 0x00000000f52a0000)
 Metaspace       used 35425K, committed 35840K, reserved 278528K
  class space    used 4947K, committed 5184K, reserved 212992K
}

Dll operation events (15 events):
Event: 0.006 Loaded shared library C:\Program Files\Eclipse Adoptium\jdk-17.0.18.8-hotspot\bin\java.dll
Event: 0.016 Loaded shared library C:\Program Files\Eclipse Adoptium\jdk-17.0.18.8-hotspot\bin\jsvml.dll
Event: 0.047 Loaded shared library C:\Program Files\Eclipse Adoptium\jdk-17.0.18.8-hotspot\bin\zip.dll
Event: 0.049 Loaded shared library C:\Program Files\Eclipse Adoptium\jdk-17.0.18.8-hotspot\bin\instrument.dll
Event: 0.051 Loaded shared library C:\Program Files\Eclipse Adoptium\jdk-17.0.18.8-hotspot\bin\net.dll
Event: 0.052 Loaded shared library C:\Program Files\Eclipse Adoptium\jdk-17.0.18.8-hotspot\bin\nio.dll
Event: 0.054 Loaded shared library C:\Program Files\Eclipse Adoptium\jdk-17.0.18.8-hotspot\bin\zip.dll
Event: 0.190 Loaded shared library C:\Program Files\Eclipse Adoptium\jdk-17.0.18.8-hotspot\bin\jimage.dll
Event: 0.278 Loaded shared library C:\Program Files\Eclipse Adoptium\jdk-17.0.18.8-hotspot\bin\verify.dll
Event: 0.360 Loaded shared library C:\Users\Ari\.gradle\native\c067742578af261105cb4f569cf0c3c89f3d7b1fecec35dd04571415982c5e48\windows-amd64\native-platform.dll
Event: 0.369 Loaded shared library C:\Users\Ari\.gradle\native\100fb08df4bc3b14c8652ba06237920a3bd2aa13389f12d3474272988ae205f9\windows-amd64\native-platform-file-events.dll
Event: 1.076 Loaded shared library C:\Program Files\Eclipse Adoptium\jdk-17.0.18.8-hotspot\bin\management.dll
Event: 1.077 Loaded shared library C:\Program Files\Eclipse Adoptium\jdk-17.0.18.8-hotspot\bin\management_ext.dll
Event: 1.214 Loaded shared library C:\Program Files\Eclipse Adoptium\jdk-17.0.18.8-hotspot\bin\extnet.dll
Event: 1.366 Loaded shared library C:\Program Files\Eclipse Adoptium\jdk-17.0.18.8-hotspot\bin\sunmscapi.dll

Deoptimization events (20 events):
Event: 3.567 Thread 0x000002242ae4d9d0 DEOPT PACKING pc=0x000002240f6031d8 sp=0x000000bcd4cf92e0
Event: 3.567 Thread 0x000002242ae4d9d0 DEOPT UNPACKING pc=0x000002240f0366a3 sp=0x000000bcd4cf9218 mode 2
Event: 3.567 Thread 0x000002242ae4d9d0 Uncommon trap: trap_request=0xffffff45 fr.pc=0x000002240f5ae26c relative=0x000000000000004c
Event: 3.567 Thread 0x000002242ae4d9d0 Uncommon trap: reason=unstable_if action=reinterpret pc=0x000002240f5ae26c method=java.net.URI.match(CJJ)Z @ 19 c2
Event: 3.567 Thread 0x000002242ae4d9d0 DEOPT PACKING pc=0x000002240f5ae26c sp=0x000000bcd4cf92f0
Event: 3.567 Thread 0x000002242ae4d9d0 DEOPT UNPACKING pc=0x000002240f0366a3 sp=0x000000bcd4cf92a0 mode 2
Event: 3.599 Thread 0x000002242ae4d9d0 Uncommon trap: trap_request=0xffffffde fr.pc=0x000002240f796480 relative=0x0000000000000060
Event: 3.599 Thread 0x000002242ae4d9d0 Uncommon trap: reason=class_check action=maybe_recompile pc=0x000002240f796480 method=java.util.stream.StreamOpFlag.fromCharacteristics(Ljava/util/Spliterator;)I @ 14 c2
Event: 3.599 Thread 0x000002242ae4d9d0 DEOPT PACKING pc=0x000002240f796480 sp=0x000000bcd4cf90d0
Event: 3.599 Thread 0x000002242ae4d9d0 DEOPT UNPACKING pc=0x000002240f0366a3 sp=0x000000bcd4cf9068 mode 2
Event: 3.601 Thread 0x000002242b85ff90 DEOPT PACKING pc=0x0000022407e94ffc sp=0x000000bcd5afe950
Event: 3.601 Thread 0x000002242b85ff90 DEOPT UNPACKING pc=0x000002240f036e43 sp=0x000000bcd5afded0 mode 0
Event: 3.601 Thread 0x000002242ae4d9d0 Uncommon trap: trap_request=0xffffffde fr.pc=0x000002240f765408 relative=0x0000000000001c28
Event: 3.601 Thread 0x000002242ae4d9d0 Uncommon trap: reason=class_check action=maybe_recompile pc=0x000002240f765408 method=jdk.internal.loader.URLClassPath.getLoader(I)Ljdk/internal/loader/URLClassPath$Loader; @ 88 c2
Event: 3.601 Thread 0x000002242ae4d9d0 DEOPT PACKING pc=0x000002240f765408 sp=0x000000bcd4cf9930
Event: 3.601 Thread 0x000002242ae4d9d0 DEOPT UNPACKING pc=0x000002240f0366a3 sp=0x000000bcd4cf9920 mode 2
Event: 3.601 Thread 0x000002242ae4d9d0 Uncommon trap: trap_request=0xffffffde fr.pc=0x000002240f799248 relative=0x0000000000000528
Event: 3.601 Thread 0x000002242ae4d9d0 Uncommon trap: reason=class_check action=maybe_recompile pc=0x000002240f799248 method=jdk.internal.loader.URLClassPath.getResource(Ljava/lang/String;Z)Ljdk/internal/loader/Resource; @ 53 c2
Event: 3.601 Thread 0x000002242ae4d9d0 DEOPT PACKING pc=0x000002240f799248 sp=0x000000bcd4cf99f0
Event: 3.601 Thread 0x000002242ae4d9d0 DEOPT UNPACKING pc=0x000002240f0366a3 sp=0x000000bcd4cf9990 mode 2

Classes loaded (20 events):
Event: 3.613 Loading class com/sun/beans/finder/MethodFinder$1
Event: 3.613 Loading class com/sun/beans/finder/MethodFinder$1 done
Event: 3.613 Loading class com/sun/beans/finder/FinderUtils
Event: 3.613 Loading class com/sun/beans/finder/FinderUtils done
Event: 3.620 Loading class sun/reflect/MagicAccessorImpl
Event: 3.620 Loading class sun/reflect/MagicAccessorImpl done
Event: 3.644 Loading class java/util/function/IntBinaryOperator
Event: 3.644 Loading class java/util/function/IntBinaryOperator done
Event: 3.663 Loading class java/util/AbstractCollectionBeanInfo
Event: 3.663 Loading class java/util/AbstractCollectionBeanInfo done
Event: 3.663 Loading class java/util/AbstractCollectionBeanInfo
Event: 3.663 Loading class java/util/AbstractCollectionBeanInfo done
Event: 3.663 Loading class java/util/AbstractCollectionCustomizer
Event: 3.663 Loading class java/util/AbstractCollectionCustomizer done
Event: 3.663 Loading class java/util/AbstractCollectionCustomizer
Event: 3.663 Loading class java/util/AbstractCollectionCustomizer done
Event: 3.663 Loading class sun/reflect/generics/tree/BooleanSignature
Event: 3.663 Loading class sun/reflect/generics/tree/BooleanSignature done
Event: 3.663 Loading class sun/reflect/generics/reflectiveObjects/GenericArrayTypeImpl
Event: 3.663 Loading class sun/reflect/generics/reflectiveObjects/GenericArrayTypeImpl done

Classes unloaded (0 events):
No events

Classes redefined (0 events):
No events

Internal exceptions (20 events):
Event: 3.638 Thread 0x000002242ae4d9d0 Exception <a 'java/lang/ClassNotFoundException'{0x00000000e2048ee8}: org/gradle/internal/metaobject/ConfigureDelegateBeanInfo> (0x00000000e2048ee8) 
thrown [s\src\hotspot\share\classfile\systemDictionary.cpp, line 256]
Event: 3.639 Thread 0x000002242ae4d9d0 Exception <a 'java/lang/ClassNotFoundException'{0x00000000e2058ef8}: org/gradle/internal/metaobject/ConfigureDelegateCustomizer> (0x00000000e2058ef8) 
thrown [s\src\hotspot\share\classfile\systemDictionary.cpp, line 256]
Event: 3.648 Thread 0x000002242ae4d9d0 Exception <a 'java/lang/ClassNotFoundException'{0x00000000e2122b68}: org/gradle/api/internal/initialization/DefaultScriptHandler_DecoratedBeanInfo> (0x00000000e2122b68) 
thrown [s\src\hotspot\share\classfile\systemDictionary.cpp, line 256]
Event: 3.649 Thread 0x000002242ae4d9d0 Exception <a 'java/lang/ClassNotFoundException'{0x00000000e2133d80}: org/gradle/api/internal/initialization/DefaultScriptHandlerBeanInfo> (0x00000000e2133d80) 
thrown [s\src\hotspot\share\classfile\systemDictionary.cpp, line 256]
Event: 3.650 Thread 0x000002242ae4d9d0 Exception <a 'java/lang/ClassNotFoundException'{0x00000000e2144ed0}: org/gradle/api/internal/initialization/DefaultScriptHandlerCustomizer> (0x00000000e2144ed0) 
thrown [s\src\hotspot\share\classfile\systemDictionary.cpp, line 256]
Event: 3.650 Thread 0x000002242ae4d9d0 Exception <a 'java/lang/ClassNotFoundException'{0x00000000e2163448}: org/gradle/api/internal/initialization/DefaultScriptHandler_DecoratedCustomizer> (0x00000000e2163448) 
thrown [s\src\hotspot\share\classfile\systemDictionary.cpp, line 256]
Event: 3.660 Thread 0x000002242ae4d9d0 Exception <a 'java/lang/ClassNotFoundException'{0x00000000e25acc58}: org/gradle/api/internal/artifacts/dsl/DefaultRepositoryHandler_DecoratedBeanInfo> (0x00000000e25acc58) 
thrown [s\src\hotspot\share\classfile\systemDictionary.cpp, line 256]
Event: 3.661 Thread 0x000002242ae4d9d0 Exception <a 'java/lang/ClassNotFoundException'{0x00000000e25c3410}: org/gradle/api/internal/artifacts/dsl/DefaultRepositoryHandlerBeanInfo> (0x00000000e25c3410) 
thrown [s\src\hotspot\share\classfile\systemDictionary.cpp, line 256]
Event: 3.661 Thread 0x000002242ae4d9d0 Exception <a 'java/lang/ClassNotFoundException'{0x00000000e25dab30}: org/gradle/api/internal/artifacts/DefaultArtifactRepositoryContainerBeanInfo> (0x00000000e25dab30) 
thrown [s\src\hotspot\share\classfile\systemDictionary.cpp, line 256]
Event: 3.662 Thread 0x000002242ae4d9d0 Exception <a 'java/lang/ClassNotFoundException'{0x00000000e25eef00}: org/gradle/api/internal/DefaultNamedDomainObjectListBeanInfo> (0x00000000e25eef00) 
thrown [s\src\hotspot\share\classfile\systemDictionary.cpp, line 256]
Event: 3.662 Thread 0x000002242ae4d9d0 Exception <a 'java/lang/ClassNotFoundException'{0x00000000e2603760}: org/gradle/api/internal/DefaultNamedDomainObjectCollectionBeanInfo> (0x00000000e2603760) 
thrown [s\src\hotspot\share\classfile\systemDictionary.cpp, line 256]
Event: 3.662 Thread 0x000002242ae4d9d0 Exception <a 'java/lang/ClassNotFoundException'{0x00000000e2618038}: org/gradle/api/internal/DefaultDomainObjectCollectionBeanInfo> (0x00000000e2618038) 
thrown [s\src\hotspot\share\classfile\systemDictionary.cpp, line 256]
Event: 3.663 Thread 0x000002242ae4d9d0 Exception <a 'java/lang/ClassNotFoundException'{0x00000000e261e5f8}: java/util/AbstractCollectionBeanInfo> (0x00000000e261e5f8) 
thrown [s\src\hotspot\share\classfile\systemDictionary.cpp, line 256]
Event: 3.663 Thread 0x000002242ae4d9d0 Exception <a 'java/lang/ClassNotFoundException'{0x00000000e2624a00}: java/util/AbstractCollectionCustomizer> (0x00000000e2624a00) 
thrown [s\src\hotspot\share\classfile\systemDictionary.cpp, line 256]
Event: 3.664 Thread 0x000002242ae4d9d0 Exception <a 'java/lang/ClassNotFoundException'{0x00000000e264c840}: org/gradle/api/internal/DefaultDomainObjectCollectionCustomizer> (0x00000000e264c840) 
thrown [s\src\hotspot\share\classfile\systemDictionary.cpp, line 256]
Event: 3.666 Thread 0x000002242ae4d9d0 Exception <a 'java/lang/ClassNotFoundException'{0x00000000e269ba40}: org/gradle/api/internal/DefaultNamedDomainObjectCollectionCustomizer> (0x00000000e269ba40) 
thrown [s\src\hotspot\share\classfile\systemDictionary.cpp, line 256]
Event: 3.668 Thread 0x000002242ae4d9d0 Exception <a 'java/lang/ClassNotFoundException'{0x00000000e26f4890}: org/gradle/api/internal/DefaultNamedDomainObjectListCustomizer> (0x00000000e26f4890) 
thrown [s\src\hotspot\share\classfile\systemDictionary.cpp, line 256]
Event: 3.671 Thread 0x000002242ae4d9d0 Exception <a 'java/lang/ClassNotFoundException'{0x00000000e2773508}: org/gradle/api/internal/artifacts/DefaultArtifactRepositoryContainerCustomizer> (0x00000000e2773508) 
thrown [s\src\hotspot\share\classfile\systemDictionary.cpp, line 256]
Event: 3.673 Thread 0x000002242ae4d9d0 Exception <a 'java/lang/ClassNotFoundException'{0x00000000e27f90f8}: org/gradle/api/internal/artifacts/dsl/DefaultRepositoryHandlerCustomizer> (0x00000000e27f90f8) 
thrown [s\src\hotspot\share\classfile\systemDictionary.cpp, line 256]
Event: 3.676 Thread 0x000002242ae4d9d0 Exception <a 'java/lang/ClassNotFoundException'{0x00000000e28a3fe0}: org/gradle/api/internal/artifacts/dsl/DefaultRepositoryHandler_DecoratedCustomizer> (0x00000000e28a3fe0) 
thrown [s\src\hotspot\share\classfile\systemDictionary.cpp, line 256]

VM Operations (20 events):
Event: 2.987 Executing VM operation: GenCollectForAllocation
Event: 2.996 Executing VM operation: GenCollectForAllocation done
Event: 3.025 Executing VM operation: HandshakeAllThreads
Event: 3.025 Executing VM operation: HandshakeAllThreads done
Event: 3.106 Executing VM operation: HandshakeAllThreads
Event: 3.106 Executing VM operation: HandshakeAllThreads done
Event: 3.118 Executing VM operation: HandshakeAllThreads
Event: 3.118 Executing VM operation: HandshakeAllThreads done
Event: 3.156 Executing VM operation: ICBufferFull
Event: 3.156 Executing VM operation: ICBufferFull done
Event: 3.319 Executing VM operation: CollectForMetadataAllocation
Event: 3.368 Executing VM operation: CollectForMetadataAllocation done
Event: 3.377 Executing VM operation: HandshakeAllThreads
Event: 3.378 Executing VM operation: HandshakeAllThreads done
Event: 3.403 Executing VM operation: HandshakeAllThreads
Event: 3.403 Executing VM operation: HandshakeAllThreads done
Event: 3.478 Executing VM operation: HandshakeAllThreads
Event: 3.478 Executing VM operation: HandshakeAllThreads done
Event: 3.654 Executing VM operation: ICBufferFull
Event: 3.654 Executing VM operation: ICBufferFull done

Memory protections (0 events):
No events

Nmethod flushes (0 events):
No events

Events (20 events):
Event: 1.425 Thread 0x000002242ae4d9d0 Thread added: 0x000002242ae4f830
Event: 1.427 Thread 0x000002242ae4d9d0 Thread added: 0x000002242ae4fd40
Event: 1.543 Thread 0x0000022429180340 Thread exited: 0x0000022429180340
Event: 1.703 Thread 0x000002242ae4d9d0 Thread added: 0x000002242ae4caa0
Event: 1.708 Thread 0x000002242ae4d9d0 Thread added: 0x000002242ae4dee0
Event: 1.725 Thread 0x000002242ae4d9d0 Thread added: 0x000002242ae4c590
Event: 2.017 Thread 0x000002242ae4d9d0 Thread added: 0x000002242ae4e3f0
Event: 2.158 Thread 0x000002242ae4d9d0 Thread added: 0x000002242b85e130
Event: 2.164 Thread 0x000002242ae4d9d0 Thread added: 0x000002242b8618e0
Event: 2.388 Thread 0x000002242ae4d9d0 Thread added: 0x000002242b862810
Event: 2.391 Thread 0x000002242ae4d9d0 Thread added: 0x000002242b8604a0
Event: 2.556 Thread 0x000002242ae4d9d0 Thread added: 0x000002242b863740
Event: 2.639 Thread 0x000002242ae4d9d0 Thread added: 0x000002242b85e640
Event: 2.692 Thread 0x000002242ae4d9d0 Thread added: 0x000002242b863c50
Event: 2.818 Thread 0x000002247d1f5c50 Thread added: 0x000002242cd48700
Event: 3.149 Thread 0x000002242ae4d9d0 Thread added: 0x000002242b862d20
Event: 3.168 Thread 0x000002242ae4d9d0 Thread added: 0x000002242b85eb50
Event: 3.407 Thread 0x000002242cd48700 Thread exited: 0x000002242cd48700
Event: 3.600 Thread 0x000002242ae4d9d0 Thread added: 0x000002242b85ff90
Event: 3.648 Thread 0x000002247d1f5c50 Thread added: 0x000002242cec9c50


Dynamic libraries:
0x00007ff6d7020000 - 0x00007ff6d702e000 	C:\Program Files\Eclipse Adoptium\jdk-17.0.18.8-hotspot\bin\java.exe
0x00007ffc064f0000 - 0x00007ffc06708000 	C:\Windows\SYSTEM32\ntdll.dll
0x00007ffc05b50000 - 0x00007ffc05c14000 	C:\Windows\System32\KERNEL32.DLL
0x00007ffc039c0000 - 0x00007ffc03d93000 	C:\Windows\System32\KERNELBASE.dll
0x00007ffc03f00000 - 0x00007ffc04011000 	C:\Windows\System32\ucrtbase.dll
0x00007ffbed1e0000 - 0x00007ffbed1fe000 	C:\Program Files\Eclipse Adoptium\jdk-17.0.18.8-hotspot\bin\VCRUNTIME140.dll
0x00007ffbe2320000 - 0x00007ffbe2338000 	C:\Program Files\Eclipse Adoptium\jdk-17.0.18.8-hotspot\bin\jli.dll
0x00007ffc061e0000 - 0x00007ffc06392000 	C:\Windows\System32\USER32.dll
0x00007ffc04020000 - 0x00007ffc04046000 	C:\Windows\System32\win32u.dll
0x00007ffc05ed0000 - 0x00007ffc05ef9000 	C:\Windows\System32\GDI32.dll
0x00007ffbf2ef0000 - 0x00007ffbf318c000 	C:\Windows\WinSxS\amd64_microsoft.windows.common-controls_6595b64144ccf1df_6.0.22621.6060_none_2712eda17382d24b\COMCTL32.dll
0x00007ffc03770000 - 0x00007ffc0388b000 	C:\Windows\System32\gdi32full.dll
0x00007ffc053f0000 - 0x00007ffc05497000 	C:\Windows\System32\msvcrt.dll
0x00007ffc03e60000 - 0x00007ffc03efa000 	C:\Windows\System32\msvcp_win.dll
0x00007ffc04190000 - 0x00007ffc041c1000 	C:\Windows\System32\IMM32.DLL
0x00007ffbff340000 - 0x00007ffbff34c000 	C:\Program Files\Eclipse Adoptium\jdk-17.0.18.8-hotspot\bin\vcruntime140_1.dll
0x00007ffb8a550000 - 0x00007ffb8a5dd000 	C:\Program Files\Eclipse Adoptium\jdk-17.0.18.8-hotspot\bin\msvcp140.dll
0x00007ffb1efb0000 - 0x00007ffb1fc1b000 	C:\Program Files\Eclipse Adoptium\jdk-17.0.18.8-hotspot\bin\server\jvm.dll
0x00007ffc06000000 - 0x00007ffc060b1000 	C:\Windows\System32\ADVAPI32.dll
0x00007ffc04980000 - 0x00007ffc04a28000 	C:\Windows\System32\sechost.dll
0x00007ffc03990000 - 0x00007ffc039b8000 	C:\Windows\System32\bcrypt.dll
0x00007ffc060c0000 - 0x00007ffc061d8000 	C:\Windows\System32\RPCRT4.dll
0x00007ffc05ad0000 - 0x00007ffc05b41000 	C:\Windows\System32\WS2_32.dll
0x00007ffc034d0000 - 0x00007ffc0351d000 	C:\Windows\SYSTEM32\POWRPROF.dll
0x00007ffbf4350000 - 0x00007ffbf4384000 	C:\Windows\SYSTEM32\WINMM.dll
0x00007ffc000b0000 - 0x00007ffc000ba000 	C:\Windows\SYSTEM32\VERSION.dll
0x00007ffc034b0000 - 0x00007ffc034c3000 	C:\Windows\SYSTEM32\UMPDC.dll
0x00007ffc025e0000 - 0x00007ffc025f8000 	C:\Windows\SYSTEM32\kernel.appcore.dll
0x00007ffbf3e70000 - 0x00007ffbf3e7a000 	C:\Program Files\Eclipse Adoptium\jdk-17.0.18.8-hotspot\bin\jimage.dll
0x00007ffc01010000 - 0x00007ffc01243000 	C:\Windows\SYSTEM32\DBGHELP.DLL
0x00007ffc05730000 - 0x00007ffc05ac1000 	C:\Windows\System32\combase.dll
0x00007ffc054a0000 - 0x00007ffc05578000 	C:\Windows\System32\OLEAUT32.dll
0x00007ffbe09a0000 - 0x00007ffbe09d2000 	C:\Windows\SYSTEM32\dbgcore.DLL
0x00007ffc03910000 - 0x00007ffc0398b000 	C:\Windows\System32\bcryptPrimitives.dll
0x00007ffbe25a0000 - 0x00007ffbe25ae000 	C:\Program Files\Eclipse Adoptium\jdk-17.0.18.8-hotspot\bin\instrument.dll
0x00007ffbe0260000 - 0x00007ffbe0285000 	C:\Program Files\Eclipse Adoptium\jdk-17.0.18.8-hotspot\bin\java.dll
0x00007ffb5f370000 - 0x00007ffb5f447000 	C:\Program Files\Eclipse Adoptium\jdk-17.0.18.8-hotspot\bin\jsvml.dll
0x00007ffc04a30000 - 0x00007ffc052cc000 	C:\Windows\System32\SHELL32.dll
0x00007ffc04050000 - 0x00007ffc0418f000 	C:\Windows\System32\wintypes.dll
0x00007ffc01500000 - 0x00007ffc01e1a000 	C:\Windows\SYSTEM32\windows.storage.dll
0x00007ffc052e0000 - 0x00007ffc053e4000 	C:\Windows\System32\SHCORE.dll
0x00007ffc05f00000 - 0x00007ffc05f69000 	C:\Windows\System32\shlwapi.dll
0x00007ffc03530000 - 0x00007ffc03555000 	C:\Windows\SYSTEM32\profapi.dll
0x00007ffbe0130000 - 0x00007ffbe0148000 	C:\Program Files\Eclipse Adoptium\jdk-17.0.18.8-hotspot\bin\zip.dll
0x00007ffbe0340000 - 0x00007ffbe035a000 	C:\Program Files\Eclipse Adoptium\jdk-17.0.18.8-hotspot\bin\net.dll
0x00007ffbffed0000 - 0x00007ffbffffc000 	C:\Windows\SYSTEM32\WINHTTP.dll
0x00007ffc02ac0000 - 0x00007ffc02b29000 	C:\Windows\system32\mswsock.dll
0x00007ffbe0150000 - 0x00007ffbe0166000 	C:\Program Files\Eclipse Adoptium\jdk-17.0.18.8-hotspot\bin\nio.dll
0x00007ffbef590000 - 0x00007ffbef5a0000 	C:\Program Files\Eclipse Adoptium\jdk-17.0.18.8-hotspot\bin\verify.dll
0x00007ffbdf730000 - 0x00007ffbdf757000 	C:\Users\Ari\.gradle\native\c067742578af261105cb4f569cf0c3c89f3d7b1fecec35dd04571415982c5e48\windows-amd64\native-platform.dll
0x00007ffb5efc0000 - 0x00007ffb5f104000 	C:\Users\Ari\.gradle\native\100fb08df4bc3b14c8652ba06237920a3bd2aa13389f12d3474272988ae205f9\windows-amd64\native-platform-file-events.dll
0x00007ffbef3d0000 - 0x00007ffbef3da000 	C:\Program Files\Eclipse Adoptium\jdk-17.0.18.8-hotspot\bin\management.dll
0x00007ffbeefd0000 - 0x00007ffbeefdc000 	C:\Program Files\Eclipse Adoptium\jdk-17.0.18.8-hotspot\bin\management_ext.dll
0x00007ffc05c40000 - 0x00007ffc05c48000 	C:\Windows\System32\PSAPI.DLL
0x00007ffc02d20000 - 0x00007ffc02d3b000 	C:\Windows\SYSTEM32\CRYPTSP.dll
0x00007ffc02540000 - 0x00007ffc02577000 	C:\Windows\system32\rsaenh.dll
0x00007ffc02bb0000 - 0x00007ffc02bd8000 	C:\Windows\SYSTEM32\USERENV.dll
0x00007ffc02d10000 - 0x00007ffc02d1c000 	C:\Windows\SYSTEM32\CRYPTBASE.dll
0x00007ffc02080000 - 0x00007ffc020ad000 	C:\Windows\SYSTEM32\IPHLPAPI.DLL
0x00007ffc05cd0000 - 0x00007ffc05cd9000 	C:\Windows\System32\NSI.dll
0x00007ffc000c0000 - 0x00007ffc000d9000 	C:\Windows\SYSTEM32\dhcpcsvc6.DLL
0x00007ffbffd40000 - 0x00007ffbffd5f000 	C:\Windows\SYSTEM32\dhcpcsvc.DLL
0x00007ffc020f0000 - 0x00007ffc021e8000 	C:\Windows\SYSTEM32\DNSAPI.dll
0x00007ffbe22b0000 - 0x00007ffbe22b9000 	C:\Program Files\Eclipse Adoptium\jdk-17.0.18.8-hotspot\bin\extnet.dll
0x00007ffbdf720000 - 0x00007ffbdf72e000 	C:\Program Files\Eclipse Adoptium\jdk-17.0.18.8-hotspot\bin\sunmscapi.dll
0x00007ffc03600000 - 0x00007ffc03768000 	C:\Windows\System32\CRYPT32.dll
0x00007ffc02ed0000 - 0x00007ffc02efe000 	C:\Windows\SYSTEM32\ncrypt.dll
0x00007ffc02e90000 - 0x00007ffc02ec7000 	C:\Windows\SYSTEM32\NTASN1.dll
0x00007ffb5c5a0000 - 0x00007ffb5c5a8000 	C:\Windows\system32\wshunix.dll

dbghelp: loaded successfully - version: 4.0.5 - missing functions: none
symbol engine: initialized successfully - sym options: 0x614 - pdb path: .;C:\Program Files\Eclipse Adoptium\jdk-17.0.18.8-hotspot\bin;C:\Windows\SYSTEM32;C:\Windows\WinSxS\amd64_microsoft.windows.common-controls_6595b64144ccf1df_6.0.22621.6060_none_2712eda17382d24b;C:\Program Files\Eclipse Adoptium\jdk-17.0.18.8-hotspot\bin\server;C:\Users\Ari\.gradle\native\c067742578af261105cb4f569cf0c3c89f3d7b1fecec35dd04571415982c5e48\windows-amd64;C:\Users\Ari\.gradle\native\100fb08df4bc3b14c8652ba06237920a3bd2aa13389f12d3474272988ae205f9\windows-amd64

VM Arguments:
jvm_args: --add-opens=java.base/java.lang=ALL-UNNAMED --add-opens=java.base/java.lang.invoke=ALL-UNNAMED --add-opens=java.base/java.util=ALL-UNNAMED --add-opens=java.prefs/java.util.prefs=ALL-UNNAMED --add-exports=jdk.compiler/com.sun.tools.javac.api=ALL-UNNAMED --add-exports=jdk.compiler/com.sun.tools.javac.util=ALL-UNNAMED --add-opens=java.base/java.util=ALL-UNNAMED --add-opens=java.prefs/java.util.prefs=ALL-UNNAMED --add-opens=java.base/java.nio.charset=ALL-UNNAMED --add-opens=java.base/java.net=ALL-UNNAMED --add-opens=java.base/java.util.concurrent.atomic=ALL-UNNAMED --add-opens=java.xml/javax.xml.namespace=ALL-UNNAMED -XX:MaxMetaspaceSize=256m -XX:+UseSerialGC -Xmx512m -Dfile.encoding=windows-1252 -Duser.country=ES -Duser.language=es -Duser.variant -javaagent:C:\Users\Ari\.gradle\wrapper\dists\gradle-8.11.1-bin\bpt9gzteqjrbo1mjrsomdt32c\gradle-8.11.1\lib\agents\gradle-instrumentation-agent-8.11.1.jar 
java_command: org.gradle.launcher.daemon.bootstrap.GradleDaemon 8.11.1
java_class_path (initial): C:\Users\Ari\.gradle\wrapper\dists\gradle-8.11.1-bin\bpt9gzteqjrbo1mjrsomdt32c\gradle-8.11.1\lib\gradle-daemon-main-8.11.1.jar
Launcher Type: SUN_STANDARD

[Global flags]
     intx CICompilerCount                          = 4                                         {product} {ergonomic}
   size_t CompressedClassSpaceSize                 = 218103808                                 {product} {ergonomic}
   size_t InitialHeapSize                          = 264241152                                 {product} {ergonomic}
   size_t MaxHeapSize                              = 536870912                                 {product} {command line}
   size_t MaxMetaspaceSize                         = 268435456                                 {product} {command line}
   size_t MaxNewSize                               = 178913280                                 {product} {ergonomic}
   size_t MinHeapDeltaBytes                        = 196608                                    {product} {ergonomic}
   size_t MinHeapSize                              = 8388608                                   {product} {ergonomic}
   size_t NewSize                                  = 88080384                                  {product} {ergonomic}
    uintx NonNMethodCodeHeapSize                   = 5839372                                {pd product} {ergonomic}
    uintx NonProfiledCodeHeapSize                  = 122909434                              {pd product} {ergonomic}
   size_t OldSize                                  = 176160768                                 {product} {ergonomic}
    uintx ProfiledCodeHeapSize                     = 122909434                              {pd product} {ergonomic}
    uintx ReservedCodeCacheSize                    = 251658240                              {pd product} {ergonomic}
     bool SegmentedCodeCache                       = true                                      {product} {ergonomic}
   size_t SoftMaxHeapSize                          = 536870912                              {manageable} {ergonomic}
     bool UseCompressedClassPointers               = true                           {product lp64_product} {ergonomic}
     bool UseCompressedOops                        = true                           {product lp64_product} {ergonomic}
     bool UseLargePagesIndividualAllocation        = false                                  {pd product} {ergonomic}
     bool UseSerialGC                              = true                                      {product} {command line}

Logging:
Log output configuration:
 #0: stdout all=warning uptime,level,tags
 #1: stderr all=off uptime,level,tags

Environment Variables:
CLASSPATH=C:\Users\Ari\Desktop\pickgol2026\twa-pickgol\\gradle\wrapper\gradle-wrapper.jar
PATH=C:\Program Files\Eclipse Adoptium\jdk-17.0.18.8-hotspot\bin;C:\Program Files\Eclipse Adoptium\jdk-25.0.2.10-hotspot\bin;C:\Python314\Scripts\;C:\Python314\;C:\Windows\system32;C:\Windows;C:\Windows\System32\Wbem;C:\Windows\System32\WindowsPowerShell\v1.0\;C:\Windows\System32\OpenSSH\;C:\Program Files\dotnet\;C:\Program Files\Microsoft SQL Server\120\Tools\Binn\;C:\Program Files\Common Files\Autodesk Shared\;C:\Program Files\WireGuard\;C:\Program Files\nodejs\;C:\ProgramData\chocolatey\bin;C:\Program Files (x86)\Git\cmd;C:\Users\Ari\AppData\Local\Microsoft\WindowsApps;C:\Users\Ari\AppData\Local\Python\bin;C:\Users\Ari\AppData\Roaming\npm;C:\Users\Ari\AppData\Local\Programs\Microsoft VS Code\bin
USERNAME=Ari
TMPDIR=C:\Users\Public\Documents\Wondershare\CreatorTemp
OS=Windows_NT
PROCESSOR_IDENTIFIER=Intel64 Family 6 Model 165 Stepping 3, GenuineIntel
TMP=C:\Users\Ari\AppData\Local\Temp
TEMP=C:\Users\Ari\AppData\Local\Temp



Periodic native trim disabled


---------------  S Y S T E M  ---------------

OS:
 Windows 11 , 64 bit Build 22621 (10.0.22621.5415)
OS uptime: 0 days 4:04 hours

CPU: total 12 (initial active 12) (6 cores per cpu, 2 threads per core) family 6 model 165 stepping 3 microcode 0xf4, cx8, cmov, fxsr, ht, mmx, 3dnowpref, sse, sse2, sse3, ssse3, sse4.1, sse4.2, popcnt, lzcnt, tsc, tscinvbit, avx, avx2, aes, erms, clmul, bmi1, bmi2, adx, fma, vzeroupper, clflush, clflushopt
Processor Information for all 12 processors :
  Max Mhz: 2904, Current Mhz: 2904, Mhz Limit: 2904

Memory: 4k page, system-wide physical 16026M (1759M free)
TotalPageFile size 18074M (AvailPageFile size 3M)
current process WorkingSet (physical memory assigned to process): 274M, peak: 274M
current process commit charge ("private bytes"): 405M, peak: 406M

vm_info: OpenJDK 64-Bit Server VM (17.0.18+8) for windows-amd64 JRE (17.0.18+8), built on Jan 20 2026 22:28:22 by "admin" with MS VC++ 17.12 (VS2022)

END.
